Using pre-set license
Built from '2021.3/staging' branch; Version is '2021.3.19f1 (c9714fde33b6) revision 13201743'; Using compiler version '192829333'; Build Type 'Release'
OS: 'Windows 10  (10.0.19045) 64bit Core' Language: 'uk' Physical Memory: 8060 MB
BatchMode: 1, IsHumanControllingUs: 0, StartBugReporterOnCrash: 0, Is64bit: 1, IsPro: 1

COMMAND LINE ARGUMENTS:
C:\Program Files\Unity\Hub\Editor\2021.3.19f1\Editor\Unity.exe
-adb2
-batchMode
-noUpm
-name
AssetImportWorker0
-projectPath
D:/Unity/MagnitudeSprint/MagnitudeSprint
-logFile
Logs/AssetImportWorker0.log
-srvPort
56992
Successfully changed project path to: D:/Unity/MagnitudeSprint/MagnitudeSprint
D:/Unity/MagnitudeSprint/MagnitudeSprint
[UnityMemory] Configuration Parameters - Can be set up in boot.config
    "memorysetup-bucket-allocator-granularity=16"
    "memorysetup-bucket-allocator-bucket-count=8"
    "memorysetup-bucket-allocator-block-size=33554432"
    "memorysetup-bucket-allocator-block-count=8"
    "memorysetup-main-allocator-block-size=16777216"
    "memorysetup-thread-allocator-block-size=16777216"
    "memorysetup-gfx-main-allocator-block-size=16777216"
    "memorysetup-gfx-thread-allocator-block-size=16777216"
    "memorysetup-cache-allocator-block-size=4194304"
    "memorysetup-typetree-allocator-block-size=2097152"
    "memorysetup-profiler-bucket-allocator-granularity=16"
    "memorysetup-profiler-bucket-allocator-bucket-count=8"
    "memorysetup-profiler-bucket-allocator-block-size=33554432"
    "memorysetup-profiler-bucket-allocator-block-count=8"
    "memorysetup-profiler-allocator-block-size=16777216"
    "memorysetup-profiler-editor-allocator-block-size=1048576"
    "memorysetup-temp-allocator-size-main=16777216"
    "memorysetup-job-temp-allocator-block-size=2097152"
    "memorysetup-job-temp-allocator-block-size-background=1048576"
    "memorysetup-job-temp-allocator-reduction-small-platforms=262144"
    "memorysetup-temp-allocator-size-background-worker=32768"
    "memorysetup-temp-allocator-size-job-worker=262144"
    "memorysetup-temp-allocator-size-preload-manager=33554432"
    "memorysetup-temp-allocator-size-nav-mesh-worker=65536"
    "memorysetup-temp-allocator-size-audio-worker=65536"
    "memorysetup-temp-allocator-size-cloud-worker=32768"
    "memorysetup-temp-allocator-size-gi-baking-worker=262144"
    "memorysetup-temp-allocator-size-gfx=262144"
Player connection [2120] Host "[IP] 192.168.28.1 [Port] 0 [Flags] 2 [Guid] 81977009 [EditorId] 81977009 [Version] 1048832 [Id] WindowsEditor(7,DESKTOP-C2K7U42) [Debug] 1 [PackageName] WindowsEditor [ProjectName] Editor" joined multi-casting on [225.0.0.222:54997]...

Player connection [2120] Host "[IP] 192.168.28.1 [Port] 0 [Flags] 2 [Guid] 81977009 [EditorId] 81977009 [Version] 1048832 [Id] WindowsEditor(7,DESKTOP-C2K7U42) [Debug] 1 [PackageName] WindowsEditor [ProjectName] Editor" joined alternative multi-casting on [225.0.0.222:34997]...

Refreshing native plugins compatible for Editor in 91.47 ms, found 3 plugins.
Preloading 0 native plugins for Editor in 0.00 ms.
Initialize engine version: 2021.3.19f1 (c9714fde33b6)
[Subsystems] Discovering subsystems at path C:/Program Files/Unity/Hub/Editor/2021.3.19f1/Editor/Data/Resources/UnitySubsystems
[Subsystems] Discovering subsystems at path D:/Unity/MagnitudeSprint/MagnitudeSprint/Assets
GfxDevice: creating device client; threaded=0; jobified=0
Direct3D:
    Version:  Direct3D 11.0 [level 11.1]
    Renderer: NVIDIA GeForce MX250 (ID=0x1d13)
    Vendor:   NVIDIA
    VRAM:     1983 MB
    Driver:   30.0.14.9729
Initialize mono
Mono path[0] = 'C:/Program Files/Unity/Hub/Editor/2021.3.19f1/Editor/Data/Managed'
Mono path[1] = 'C:/Program Files/Unity/Hub/Editor/2021.3.19f1/Editor/Data/MonoBleedingEdge/lib/mono/unityjit-win32'
Mono config path = 'C:/Program Files/Unity/Hub/Editor/2021.3.19f1/Editor/Data/MonoBleedingEdge/etc'
Using monoOptions --debugger-agent=transport=dt_socket,embedding=1,server=y,suspend=n,address=127.0.0.1:56328
Begin MonoManager ReloadAssembly
Registering precompiled unity dll's ...
Register platform support module: C:/Program Files/Unity/Hub/Editor/2021.3.19f1/Editor/Data/PlaybackEngines/WebGLSupport/UnityEditor.WebGL.Extensions.dll
Register platform support module: C:/Program Files/Unity/Hub/Editor/2021.3.19f1/Editor/Data/PlaybackEngines/AndroidPlayer/UnityEditor.Android.Extensions.dll
Register platform support module: C:/Program Files/Unity/Hub/Editor/2021.3.19f1/Editor/Data/PlaybackEngines/WindowsStandaloneSupport/UnityEditor.WindowsStandalone.Extensions.dll
Register platform support module: C:/Program Files/Unity/Hub/Editor/2021.3.19f1/Editor/Data/PlaybackEngines/MetroSupport/UnityEditor.UWP.Extensions.dll
Registered in 0.012777 seconds.
Native extension for UWP target not found
Native extension for WindowsStandalone target not found
Native extension for Android target not found
Android Extension - Scanning For ADB Devices 384 ms
Native extension for WebGL target not found
Refreshing native plugins compatible for Editor in 138.40 ms, found 3 plugins.
Preloading 0 native plugins for Editor in 0.00 ms.
Mono: successfully reloaded assembly
- Completed reload, in  1.342 seconds
Domain Reload Profiling:
	ReloadAssembly (1342ms)
		BeginReloadAssembly (104ms)
			ExecutionOrderSort (0ms)
			DisableScriptedObjects (0ms)
			BackupInstance (0ms)
			ReleaseScriptingObjects (0ms)
			CreateAndSetChildDomain (1ms)
		EndReloadAssembly (1095ms)
			LoadAssemblies (102ms)
			RebuildTransferFunctionScriptingTraits (0ms)
			SetupTypeCache (153ms)
			ReleaseScriptCaches (0ms)
			RebuildScriptCaches (38ms)
			SetupLoadedEditorAssemblies (838ms)
				LogAssemblyErrors (0ms)
				InitializePlatformSupportModulesInManaged (502ms)
				SetLoadedEditorAssemblies (1ms)
				RefreshPlugins (139ms)
				BeforeProcessingInitializeOnLoad (2ms)
				ProcessInitializeOnLoadAttributes (134ms)
				ProcessInitializeOnLoadMethodAttributes (60ms)
				AfterProcessingInitializeOnLoad (0ms)
				EditorAssembliesLoaded (0ms)
			ExecutionOrderSort2 (0ms)
			AwakeInstancesAfterBackupRestoration (0ms)
Platform modules already initialized, skipping
Registering precompiled user dll's ...
Registered in 0.006728 seconds.
Begin MonoManager ReloadAssembly
Symbol file LoadedFromMemory doesn't match image D:\Unity\MagnitudeSprint\MagnitudeSprint\Library\PackageCache\com.unity.visualscripting@1.8.0\Editor\VisualScripting.Core\Dependencies\YamlDotNet\Unity.VisualScripting.YamlDotNet.dll
Symbol file LoadedFromMemory doesn't match image D:\Unity\MagnitudeSprint\MagnitudeSprint\Library\PackageCache\com.unity.visualscripting@1.8.0\Editor\VisualScripting.Core\Dependencies\DotNetZip\Unity.VisualScripting.IonicZip.dll
Native extension for UWP target not found
Native extension for WindowsStandalone target not found
Native extension for Android target not found
Native extension for WebGL target not found
Refreshing native plugins compatible for Editor in 0.74 ms, found 3 plugins.
Preloading 0 native plugins for Editor in 0.00 ms.
Mono: successfully reloaded assembly
- Completed reload, in  1.459 seconds
Domain Reload Profiling:
	ReloadAssembly (1460ms)
		BeginReloadAssembly (167ms)
			ExecutionOrderSort (0ms)
			DisableScriptedObjects (8ms)
			BackupInstance (0ms)
			ReleaseScriptingObjects (0ms)
			CreateAndSetChildDomain (25ms)
		EndReloadAssembly (1123ms)
			LoadAssemblies (123ms)
			RebuildTransferFunctionScriptingTraits (0ms)
			SetupTypeCache (394ms)
			ReleaseScriptCaches (1ms)
			RebuildScriptCaches (72ms)
			SetupLoadedEditorAssemblies (471ms)
				LogAssemblyErrors (0ms)
				InitializePlatformSupportModulesInManaged (28ms)
				SetLoadedEditorAssemblies (1ms)
				RefreshPlugins (1ms)
				BeforeProcessingInitializeOnLoad (119ms)
				ProcessInitializeOnLoadAttributes (284ms)
				ProcessInitializeOnLoadMethodAttributes (26ms)
				AfterProcessingInitializeOnLoad (12ms)
				EditorAssembliesLoaded (0ms)
			ExecutionOrderSort2 (0ms)
			AwakeInstancesAfterBackupRestoration (7ms)
Platform modules already initialized, skipping
========================================================================
Worker process is ready to serve import requests
Launched and connected shader compiler UnityShaderCompiler.exe after 0.06 seconds
Refreshing native plugins compatible for Editor in 0.68 ms, found 3 plugins.
Preloading 0 native plugins for Editor in 0.00 ms.
Unloading 3161 Unused Serialized files (Serialized files now loaded: 0)
Unloading 26 unused Assets / (113.6 KB). Loaded Objects now: 3633.
Memory consumption went from 113.8 MB to 113.7 MB.
Total: 3.729400 ms (FindLiveObjects: 0.343100 ms CreateObjectMapping: 0.273800 ms MarkObjects: 2.987000 ms  DeleteObjects: 0.124000 ms)

AssetImportParameters requested are different than current active one (requested -> active):
  custom:video-decoder-ogg-theora: a1e56fd34408186e4bbccfd4996cb3dc -> 
  custom:container-muxer-webm: aa71ff27fc2769a1b78a27578f13a17b -> 
  custom:container-demuxer-webm: 4f35f7cbe854078d1ac9338744f61a02 -> 
  custom:video-encoder-webm-vp8: eb34c28f22e8b96e1ab97ce403110664 -> 
  custom:audio-encoder-webm-vorbis: bf7c407c2cedff20999df2af8eb42d56 -> 
  custom:framework-win-MediaFoundation: 216162199b28c13a410421893ffa2e32 -> 
  custom:container-demuxer-ogg: 62fdf1f143b41e24485cea50d1cbac27 -> 
  custom:video-decoder-webm-vp8: 9c59270c3fd7afecdb556c50c9e8de78 -> 
  custom:audio-decoder-ogg-vorbis: bf7c407c2cedff20999df2af8eb42d56 -> 
========================================================================
Received Import Request.
  Time since last request: 499248.428851 seconds.
  path: Assets/Hat Pack/Prefabs/KnightHelmet.prefab
  artifactKey: Guid(fe80ce84bff06b549815d9562be0022c) Importer(815301076,1909f56bfc062723c751e8b465ee728b)
Start importing Assets/Hat Pack/Prefabs/KnightHelmet.prefab using Guid(fe80ce84bff06b549815d9562be0022c) Importer(815301076,1909f56bfc062723c751e8b465ee728b)  -> (artifact id: 'd84307680a249177f0383669e6971f20') in 0.709822 seconds 
========================================================================
Received Import Request.
  Time since last request: 0.000025 seconds.
  path: Assets/Hat Pack/Prefabs/RastafarianHat.prefab
  artifactKey: Guid(cfa9b645b8dcf284f9bcc51f5fea5fe2) Importer(815301076,1909f56bfc062723c751e8b465ee728b)
Start importing Assets/Hat Pack/Prefabs/RastafarianHat.prefab using Guid(cfa9b645b8dcf284f9bcc51f5fea5fe2) Importer(815301076,1909f56bfc062723c751e8b465ee728b)  -> (artifact id: 'ec1ab9877ea3a4f1e17d2b44507de1c3') in 0.125144 seconds 
========================================================================
Received Import Request.
  Time since last request: 0.000051 seconds.
  path: Assets/Hat Pack/Prefabs/CowboyHat.prefab
  artifactKey: Guid(9f7c47effbb7cac46b1d8f18dad8fd9a) Importer(815301076,1909f56bfc062723c751e8b465ee728b)
Start importing Assets/Hat Pack/Prefabs/CowboyHat.prefab using Guid(9f7c47effbb7cac46b1d8f18dad8fd9a) Importer(815301076,1909f56bfc062723c751e8b465ee728b)  -> (artifact id: 'bc20f6ea82626647ee63b176028a9956') in 0.100890 seconds 
========================================================================
Received Import Request.
  Time since last request: 0.000029 seconds.
  path: Assets/Hat Pack/Prefabs/LaserGlasses.prefab
  artifactKey: Guid(154add82c0057454699d4645d053c257) Importer(815301076,1909f56bfc062723c751e8b465ee728b)
Start importing Assets/Hat Pack/Prefabs/LaserGlasses.prefab using Guid(154add82c0057454699d4645d053c257) Importer(815301076,1909f56bfc062723c751e8b465ee728b)  -> (artifact id: '186abb609a39795377f90639ccf3c332') in 0.239327 seconds 
========================================================================
Received Import Request.
  Time since last request: 0.000038 seconds.
  path: Assets/Hat Pack/Prefabs/VikingHelmet.prefab
  artifactKey: Guid(b556441ce4b20fa4baf2ed2e1ad576de) Importer(815301076,1909f56bfc062723c751e8b465ee728b)
Start importing Assets/Hat Pack/Prefabs/VikingHelmet.prefab using Guid(b556441ce4b20fa4baf2ed2e1ad576de) Importer(815301076,1909f56bfc062723c751e8b465ee728b)  -> (artifact id: '302973dbd13aeeb6b29f0447cf594973') in 0.134017 seconds 
========================================================================
Received Import Request.
  Time since last request: 0.000041 seconds.
  path: Assets/Hat Pack
  artifactKey: Guid(57f012a0b6c335c4aba33f70bbbdbfbd) Importer(815301076,1909f56bfc062723c751e8b465ee728b)
Start importing Assets/Hat Pack using Guid(57f012a0b6c335c4aba33f70bbbdbfbd) Importer(815301076,1909f56bfc062723c751e8b465ee728b)  -> (artifact id: '823139aa41e73d02c166edfcc3936237') in 0.014250 seconds 
========================================================================
Received Import Request.
  Time since last request: 0.000040 seconds.
  path: Assets/Hat Pack/Prefabs/NativeAmericanHat.prefab
  artifactKey: Guid(57992d72b9fe6f74bb001bea211ff59f) Importer(815301076,1909f56bfc062723c751e8b465ee728b)
Start importing Assets/Hat Pack/Prefabs/NativeAmericanHat.prefab using Guid(57992d72b9fe6f74bb001bea211ff59f) Importer(815301076,1909f56bfc062723c751e8b465ee728b)  -> (artifact id: '7d5d987e95486494246f316c90e1e7c3') in 0.366739 seconds 
========================================================================
Received Import Request.
  Time since last request: 0.000028 seconds.
  path: Assets/Hat Pack/Prefabs/SpaceHelmet.prefab
  artifactKey: Guid(1612d8423bec6f9469fa6a60f0cc431e) Importer(815301076,1909f56bfc062723c751e8b465ee728b)
Start importing Assets/Hat Pack/Prefabs/SpaceHelmet.prefab using Guid(1612d8423bec6f9469fa6a60f0cc431e) Importer(815301076,1909f56bfc062723c751e8b465ee728b)  -> (artifact id: '7025b9fb280d396ce272cd73b4388be1') in 0.096158 seconds 
========================================================================
Received Import Request.
  Time since last request: 0.000031 seconds.
  path: Assets/Hat Pack/Prefabs/DevilHorns.prefab
  artifactKey: Guid(eea367d315081ac499374eeb5ed87391) Importer(815301076,1909f56bfc062723c751e8b465ee728b)
Start importing Assets/Hat Pack/Prefabs/DevilHorns.prefab using Guid(eea367d315081ac499374eeb5ed87391) Importer(815301076,1909f56bfc062723c751e8b465ee728b)  -> (artifact id: '39f1546fe3d9af7f75d02b2804db15f7') in 0.184920 seconds 
========================================================================
Received Import Request.
  Time since last request: 0.000035 seconds.
  path: Assets/Hat Pack/Prefabs/ElfsHat.prefab
  artifactKey: Guid(468c9ab2b0c299a4990663a0f83c6e2a) Importer(815301076,1909f56bfc062723c751e8b465ee728b)
Start importing Assets/Hat Pack/Prefabs/ElfsHat.prefab using Guid(468c9ab2b0c299a4990663a0f83c6e2a) Importer(815301076,1909f56bfc062723c751e8b465ee728b)  -> (artifact id: 'bad5ed48a8797bdcba6a8e2711591315') in 0.180538 seconds 
========================================================================
Received Import Request.
  Time since last request: 0.000044 seconds.
  path: Assets/Hat Pack/Prefabs/Headphones.prefab
  artifactKey: Guid(79ecb9a40a553f34298e5c0d1a746be2) Importer(815301076,1909f56bfc062723c751e8b465ee728b)
Start importing Assets/Hat Pack/Prefabs/Headphones.prefab using Guid(79ecb9a40a553f34298e5c0d1a746be2) Importer(815301076,1909f56bfc062723c751e8b465ee728b)  -> (artifact id: '3a4bc0446e44b4e35b8cd30cc52e4d3b') in 0.174899 seconds 
========================================================================
Received Import Request.
  Time since last request: 0.000041 seconds.
  path: Assets/Hat Pack/Prefabs/RabbitEars.prefab
  artifactKey: Guid(ff28da8102cfc50438bb613aa920cdb3) Importer(815301076,1909f56bfc062723c751e8b465ee728b)
Start importing Assets/Hat Pack/Prefabs/RabbitEars.prefab using Guid(ff28da8102cfc50438bb613aa920cdb3) Importer(815301076,1909f56bfc062723c751e8b465ee728b)  -> (artifact id: 'cde4615aa7a25bad8a2d1b691f392818') in 0.144881 seconds 
========================================================================
Received Import Request.
  Time since last request: 0.000039 seconds.
  path: Assets/Hat Pack/Prefabs/AsianHat.prefab
  artifactKey: Guid(61383c1a296ecf445bb16422ab23b000) Importer(815301076,1909f56bfc062723c751e8b465ee728b)
Start importing Assets/Hat Pack/Prefabs/AsianHat.prefab using Guid(61383c1a296ecf445bb16422ab23b000) Importer(815301076,1909f56bfc062723c751e8b465ee728b)  -> (artifact id: '1e3bb5bb09442af2eb446aa14c2b6893') in 0.164631 seconds 
========================================================================
Received Import Request.
  Time since last request: 0.000032 seconds.
  path: Assets/Hat Pack/Prefabs/BowlerHat.prefab
  artifactKey: Guid(740a2ac296c608f4ca097f9832d94aa5) Importer(815301076,1909f56bfc062723c751e8b465ee728b)
Start importing Assets/Hat Pack/Prefabs/BowlerHat.prefab using Guid(740a2ac296c608f4ca097f9832d94aa5) Importer(815301076,1909f56bfc062723c751e8b465ee728b)  -> (artifact id: 'b1837f7546492f162b26239ca05749ef') in 0.124046 seconds 
========================================================================
Received Import Request.
  Time since last request: 0.000039 seconds.
  path: Assets/Hat Pack/Prefabs/KingsCrown.prefab
  artifactKey: Guid(a39bdff87163c93468349226b10be29a) Importer(815301076,1909f56bfc062723c751e8b465ee728b)
Start importing Assets/Hat Pack/Prefabs/KingsCrown.prefab using Guid(a39bdff87163c93468349226b10be29a) Importer(815301076,1909f56bfc062723c751e8b465ee728b)  -> (artifact id: '3ef562a93bca1b8f0688d2656bd527e4') in 0.150823 seconds 
========================================================================
Received Prepare
Registering precompiled user dll's ...
Registered in 0.003403 seconds.
Begin MonoManager ReloadAssembly
Symbol file LoadedFromMemory doesn't match image D:\Unity\MagnitudeSprint\MagnitudeSprint\Library\PackageCache\com.unity.visualscripting@1.8.0\Editor\VisualScripting.Core\Dependencies\YamlDotNet\Unity.VisualScripting.YamlDotNet.dll
Symbol file LoadedFromMemory doesn't match image D:\Unity\MagnitudeSprint\MagnitudeSprint\Library\PackageCache\com.unity.visualscripting@1.8.0\Editor\VisualScripting.Core\Dependencies\DotNetZip\Unity.VisualScripting.IonicZip.dll
Native extension for UWP target not found
Native extension for WindowsStandalone target not found
Native extension for Android target not found
Native extension for WebGL target not found
Refreshing native plugins compatible for Editor in 0.87 ms, found 3 plugins.
Preloading 0 native plugins for Editor in 0.00 ms.
Mono: successfully reloaded assembly
- Completed reload, in  1.374 seconds
Domain Reload Profiling:
	ReloadAssembly (1375ms)
		BeginReloadAssembly (163ms)
			ExecutionOrderSort (0ms)
			DisableScriptedObjects (6ms)
			BackupInstance (0ms)
			ReleaseScriptingObjects (0ms)
			CreateAndSetChildDomain (39ms)
		EndReloadAssembly (1099ms)
			LoadAssemblies (103ms)
			RebuildTransferFunctionScriptingTraits (0ms)
			SetupTypeCache (330ms)
			ReleaseScriptCaches (1ms)
			RebuildScriptCaches (47ms)
			SetupLoadedEditorAssemblies (503ms)
				LogAssemblyErrors (0ms)
				InitializePlatformSupportModulesInManaged (43ms)
				SetLoadedEditorAssemblies (1ms)
				RefreshPlugins (1ms)
				BeforeProcessingInitializeOnLoad (104ms)
				ProcessInitializeOnLoadAttributes (311ms)
				ProcessInitializeOnLoadMethodAttributes (30ms)
				AfterProcessingInitializeOnLoad (12ms)
				EditorAssembliesLoaded (0ms)
			ExecutionOrderSort2 (0ms)
			AwakeInstancesAfterBackupRestoration (8ms)
Platform modules already initialized, skipping
Refreshing native plugins compatible for Editor in 2.41 ms, found 3 plugins.
Preloading 0 native plugins for Editor in 0.00 ms.
Unloading 3142 Unused Serialized files (Serialized files now loaded: 0)
Unloading 19 unused Assets / (79.9 KB). Loaded Objects now: 3644.
Memory consumption went from 116.6 MB to 116.6 MB.
Total: 5.039700 ms (FindLiveObjects: 0.374800 ms CreateObjectMapping: 0.487800 ms MarkObjects: 4.060300 ms  DeleteObjects: 0.115100 ms)

AssetImportParameters requested are different than current active one (requested -> active):
  custom:video-decoder-ogg-theora: a1e56fd34408186e4bbccfd4996cb3dc -> 
  custom:container-muxer-webm: aa71ff27fc2769a1b78a27578f13a17b -> 
  custom:container-demuxer-webm: 4f35f7cbe854078d1ac9338744f61a02 -> 
  custom:video-encoder-webm-vp8: eb34c28f22e8b96e1ab97ce403110664 -> 
  custom:audio-encoder-webm-vorbis: bf7c407c2cedff20999df2af8eb42d56 -> 
  custom:framework-win-MediaFoundation: 216162199b28c13a410421893ffa2e32 -> 
  custom:container-demuxer-ogg: 62fdf1f143b41e24485cea50d1cbac27 -> 
  custom:video-decoder-webm-vp8: 9c59270c3fd7afecdb556c50c9e8de78 -> 
  custom:audio-decoder-ogg-vorbis: bf7c407c2cedff20999df2af8eb42d56 -> 
========================================================================
Received Import Request.
  Time since last request: 329.709268 seconds.
  path: Assets/Hat Pack/Prefabs/PirateHat.prefab
  artifactKey: Guid(f881adb2f424b3c4882d166179ed3f53) Importer(815301076,1909f56bfc062723c751e8b465ee728b)
Start importing Assets/Hat Pack/Prefabs/PirateHat.prefab using Guid(f881adb2f424b3c4882d166179ed3f53) Importer(815301076,1909f56bfc062723c751e8b465ee728b)  -> (artifact id: '36b5fb2ca29a55916291b8a02f5b0ca3') in 0.280251 seconds 
========================================================================
Received Import Request.
  Time since last request: 0.000148 seconds.
  path: Assets/Hat Pack/Prefabs/KnightHelmet.prefab
  artifactKey: Guid(fe80ce84bff06b549815d9562be0022c) Importer(815301076,1909f56bfc062723c751e8b465ee728b)
Start importing Assets/Hat Pack/Prefabs/KnightHelmet.prefab using Guid(fe80ce84bff06b549815d9562be0022c) Importer(815301076,1909f56bfc062723c751e8b465ee728b)  -> (artifact id: '34b7eb6235ecb2c057aeb2b562a2ca93') in 0.117513 seconds 
========================================================================
Received Import Request.
  Time since last request: 0.000043 seconds.
  path: Assets/Hat Pack/Prefabs/RomanHelmet.prefab
  artifactKey: Guid(3c544b926d88be2498c9c6514a43b426) Importer(815301076,1909f56bfc062723c751e8b465ee728b)
Start importing Assets/Hat Pack/Prefabs/RomanHelmet.prefab using Guid(3c544b926d88be2498c9c6514a43b426) Importer(815301076,1909f56bfc062723c751e8b465ee728b)  -> (artifact id: '1644fba40bcb1bf0966dfee6884309ec') in 0.135856 seconds 
========================================================================
Received Import Request.
  Time since last request: 0.000049 seconds.
  path: Assets/Hat Pack/Prefabs/PoliceHat.prefab
  artifactKey: Guid(e25bb7eecda34bb4cab6f25bba8e1cc2) Importer(815301076,1909f56bfc062723c751e8b465ee728b)
Start importing Assets/Hat Pack/Prefabs/PoliceHat.prefab using Guid(e25bb7eecda34bb4cab6f25bba8e1cc2) Importer(815301076,1909f56bfc062723c751e8b465ee728b)  -> (artifact id: 'f1398c52f38e691e4ac88af70f2b8f97') in 0.094696 seconds 
========================================================================
Received Import Request.
  Time since last request: 0.000034 seconds.
  path: Assets/Hat Pack/Prefabs/Fez.prefab
  artifactKey: Guid(5ec03db6030b40147b143c68f4f9b8fa) Importer(815301076,1909f56bfc062723c751e8b465ee728b)
Start importing Assets/Hat Pack/Prefabs/Fez.prefab using Guid(5ec03db6030b40147b143c68f4f9b8fa) Importer(815301076,1909f56bfc062723c751e8b465ee728b)  -> (artifact id: '6780e4ab5b26d0919331c5eed8b76846') in 0.061901 seconds 
========================================================================
Received Import Request.
  Time since last request: 0.000040 seconds.
  path: Assets/Hat Pack/Prefabs/LaserGlasses.prefab
  artifactKey: Guid(154add82c0057454699d4645d053c257) Importer(815301076,1909f56bfc062723c751e8b465ee728b)
Start importing Assets/Hat Pack/Prefabs/LaserGlasses.prefab using Guid(154add82c0057454699d4645d053c257) Importer(815301076,1909f56bfc062723c751e8b465ee728b)  -> (artifact id: 'f26c028362765cd71e11b8af61c7d667') in 0.185132 seconds 
========================================================================
Received Import Request.
  Time since last request: 0.000028 seconds.
  path: Assets/Hat Pack/Prefabs/MusketeerHat.prefab
  artifactKey: Guid(01cfc281f51a8ea4bb670b10b89d4c80) Importer(815301076,1909f56bfc062723c751e8b465ee728b)
Start importing Assets/Hat Pack/Prefabs/MusketeerHat.prefab using Guid(01cfc281f51a8ea4bb670b10b89d4c80) Importer(815301076,1909f56bfc062723c751e8b465ee728b)  -> (artifact id: 'c2e9b82714d48bf1c7d3799a4c6b8dcf') in 0.111713 seconds 
========================================================================
Received Import Request.
  Time since last request: 0.000033 seconds.
  path: Assets/Hat Pack/Prefabs/SpaceHelmet.prefab
  artifactKey: Guid(1612d8423bec6f9469fa6a60f0cc431e) Importer(815301076,1909f56bfc062723c751e8b465ee728b)
Start importing Assets/Hat Pack/Prefabs/SpaceHelmet.prefab using Guid(1612d8423bec6f9469fa6a60f0cc431e) Importer(815301076,1909f56bfc062723c751e8b465ee728b)  -> (artifact id: '4ccabea76374db2ddd73c4a482086db4') in 0.075653 seconds 
========================================================================
Received Import Request.
  Time since last request: 0.000031 seconds.
  path: Assets/Hat Pack/Prefabs/DevilHorns.prefab
  artifactKey: Guid(eea367d315081ac499374eeb5ed87391) Importer(815301076,1909f56bfc062723c751e8b465ee728b)
Start importing Assets/Hat Pack/Prefabs/DevilHorns.prefab using Guid(eea367d315081ac499374eeb5ed87391) Importer(815301076,1909f56bfc062723c751e8b465ee728b)  -> (artifact id: '11263c2f01dc92b978b3bd48600778bf') in 0.161270 seconds 
========================================================================
Received Import Request.
  Time since last request: 0.000148 seconds.
  path: Assets/Hat Pack/Prefabs/ElfsHat.prefab
  artifactKey: Guid(468c9ab2b0c299a4990663a0f83c6e2a) Importer(815301076,1909f56bfc062723c751e8b465ee728b)
Start importing Assets/Hat Pack/Prefabs/ElfsHat.prefab using Guid(468c9ab2b0c299a4990663a0f83c6e2a) Importer(815301076,1909f56bfc062723c751e8b465ee728b)  -> (artifact id: '7fc545447988a57e21826605cfab7afc') in 0.162503 seconds 
========================================================================
Received Import Request.
  Time since last request: 0.000029 seconds.
  path: Assets/Hat Pack/Prefabs/Headphones.prefab
  artifactKey: Guid(79ecb9a40a553f34298e5c0d1a746be2) Importer(815301076,1909f56bfc062723c751e8b465ee728b)
Start importing Assets/Hat Pack/Prefabs/Headphones.prefab using Guid(79ecb9a40a553f34298e5c0d1a746be2) Importer(815301076,1909f56bfc062723c751e8b465ee728b)  -> (artifact id: '463f662502e0a643fc99b08bab9a4751') in 0.136013 seconds 
========================================================================
Received Import Request.
  Time since last request: 0.000053 seconds.
  path: Assets/Hat Pack/Prefabs/RabbitEars.prefab
  artifactKey: Guid(ff28da8102cfc50438bb613aa920cdb3) Importer(815301076,1909f56bfc062723c751e8b465ee728b)
Start importing Assets/Hat Pack/Prefabs/RabbitEars.prefab using Guid(ff28da8102cfc50438bb613aa920cdb3) Importer(815301076,1909f56bfc062723c751e8b465ee728b)  -> (artifact id: 'f2cfe465cb48370171e473ca18978b33') in 0.178308 seconds 
========================================================================
Received Import Request.
  Time since last request: 0.000043 seconds.
  path: Assets/Hat Pack/Prefabs/BasballCap.prefab
  artifactKey: Guid(e4c6d7514b948804ab3238cbed7e89c5) Importer(815301076,1909f56bfc062723c751e8b465ee728b)
Start importing Assets/Hat Pack/Prefabs/BasballCap.prefab using Guid(e4c6d7514b948804ab3238cbed7e89c5) Importer(815301076,1909f56bfc062723c751e8b465ee728b)  -> (artifact id: '73e1e4b54de4118a44dda2e8bd07ecc5') in 0.066517 seconds 
========================================================================
Received Import Request.
  Time since last request: 0.000017 seconds.
  path: Assets/Hat Pack/Prefabs/HuntersHat.prefab
  artifactKey: Guid(df6da1bda0820f74b89eac674a945619) Importer(815301076,1909f56bfc062723c751e8b465ee728b)
Start importing Assets/Hat Pack/Prefabs/HuntersHat.prefab using Guid(df6da1bda0820f74b89eac674a945619) Importer(815301076,1909f56bfc062723c751e8b465ee728b)  -> (artifact id: '2c690c7f62ef78d0a1976bd4d121dc84') in 0.162706 seconds 
========================================================================
Received Import Request.
  Time since last request: 217.982175 seconds.
  path: Assets/Hat Pack/FBX/FBX_AllHats.fbx
  artifactKey: Guid(909f121444fb10048b2aa7c9868bee39) Importer(815301076,1909f56bfc062723c751e8b465ee728b)
Start importing Assets/Hat Pack/FBX/FBX_AllHats.fbx using Guid(909f121444fb10048b2aa7c9868bee39) Importer(815301076,1909f56bfc062723c751e8b465ee728b)  -> (artifact id: '634f55a08f507c1398fd7573de8f0b87') in 3.991026 seconds 
========================================================================
Received Import Request.
  Time since last request: 0.000254 seconds.
  path: Assets/Hat Pack/Materials/FiremanHelmet.mat
  artifactKey: Guid(7cc55eac67aee424e92fb8a1b327c0a4) Importer(815301076,1909f56bfc062723c751e8b465ee728b)
Start importing Assets/Hat Pack/Materials/FiremanHelmet.mat using Guid(7cc55eac67aee424e92fb8a1b327c0a4) Importer(815301076,1909f56bfc062723c751e8b465ee728b)  -> (artifact id: '6815b01b105da5aeb3adb59d1262b5a2') in 0.183377 seconds 
========================================================================
Received Import Request.
  Time since last request: 0.000059 seconds.
  path: Assets/Hat Pack/Materials/WizardHat.mat
  artifactKey: Guid(a7fe1a11dbc20f44891ec28c12f99549) Importer(815301076,1909f56bfc062723c751e8b465ee728b)
Start importing Assets/Hat Pack/Materials/WizardHat.mat using Guid(a7fe1a11dbc20f44891ec28c12f99549) Importer(815301076,1909f56bfc062723c751e8b465ee728b)  -> (artifact id: 'd21783ad7f1003f3bf05eef001791420') in 0.210523 seconds 
========================================================================
Received Import Request.
  Time since last request: 0.000037 seconds.
  path: Assets/Hat Pack/Materials/Mohawk.mat
  artifactKey: Guid(05f5e0d0aa8f35a4a906ae203b160681) Importer(815301076,1909f56bfc062723c751e8b465ee728b)
Start importing Assets/Hat Pack/Materials/Mohawk.mat using Guid(05f5e0d0aa8f35a4a906ae203b160681) Importer(815301076,1909f56bfc062723c751e8b465ee728b)  -> (artifact id: '8c6a0227c7ecbff524d97ee8f9f5369a') in 0.129033 seconds 
========================================================================
Received Import Request.
  Time since last request: 0.000045 seconds.
  path: Assets/Hat Pack/Materials/RabbitEars.mat
  artifactKey: Guid(dbd63b921c3b167419d86b9b4ada4c3d) Importer(815301076,1909f56bfc062723c751e8b465ee728b)
Start importing Assets/Hat Pack/Materials/RabbitEars.mat using Guid(dbd63b921c3b167419d86b9b4ada4c3d) Importer(815301076,1909f56bfc062723c751e8b465ee728b)  -> (artifact id: '3918fc1996c683e99b2113fd043a15b1') in 0.157687 seconds 
========================================================================
Received Import Request.
  Time since last request: 0.000016 seconds.
  path: Assets/Hat Pack/Materials/VikingHelmet.mat
  artifactKey: Guid(2126a6857caa16441aeeb3037cf70ab0) Importer(815301076,1909f56bfc062723c751e8b465ee728b)
Start importing Assets/Hat Pack/Materials/VikingHelmet.mat using Guid(2126a6857caa16441aeeb3037cf70ab0) Importer(815301076,1909f56bfc062723c751e8b465ee728b)  -> (artifact id: 'd4f5361f424d8c279c6fa37ea0c43f12') in 0.130426 seconds 
========================================================================
Received Import Request.
  Time since last request: 0.000038 seconds.
  path: Assets/Hat Pack/Materials/BowlerHat.mat
  artifactKey: Guid(fb6ac252ff676b1478f0b696f6e7dbfc) Importer(815301076,1909f56bfc062723c751e8b465ee728b)
Start importing Assets/Hat Pack/Materials/BowlerHat.mat using Guid(fb6ac252ff676b1478f0b696f6e7dbfc) Importer(815301076,1909f56bfc062723c751e8b465ee728b)  -> (artifact id: 'aee8076d84660ad7abb6e1331dd289da') in 0.131421 seconds 
========================================================================
Received Import Request.
  Time since last request: 0.000057 seconds.
  path: Assets/Hat Pack/Materials/Sombrero.mat
  artifactKey: Guid(f536b5d0a574275418f12c5a9b5c818d) Importer(815301076,1909f56bfc062723c751e8b465ee728b)
Start importing Assets/Hat Pack/Materials/Sombrero.mat using Guid(f536b5d0a574275418f12c5a9b5c818d) Importer(815301076,1909f56bfc062723c751e8b465ee728b)  -> (artifact id: 'bc583a2ad6a5105a18ce6a8e506e406b') in 0.112815 seconds 
========================================================================
Received Import Request.
  Time since last request: 0.000036 seconds.
  path: Assets/Hat Pack/Materials/LaserVisor.mat
  artifactKey: Guid(1802bfb221533ba42b8ecd6b2b77f6cb) Importer(815301076,1909f56bfc062723c751e8b465ee728b)
Start importing Assets/Hat Pack/Materials/LaserVisor.mat using Guid(1802bfb221533ba42b8ecd6b2b77f6cb) Importer(815301076,1909f56bfc062723c751e8b465ee728b)  -> (artifact id: '684845f229c5016b3c10a4a35561b256') in 0.165380 seconds 
========================================================================
Received Import Request.
  Time since last request: 0.000030 seconds.
  path: Assets/Hat Pack/Materials/Fez.mat
  artifactKey: Guid(c342b6dd75a496e458d0e7f32ef403dc) Importer(815301076,1909f56bfc062723c751e8b465ee728b)
Start importing Assets/Hat Pack/Materials/Fez.mat using Guid(c342b6dd75a496e458d0e7f32ef403dc) Importer(815301076,1909f56bfc062723c751e8b465ee728b)  -> (artifact id: 'f7dbc0b0d88f006d4e41b991def8fb12') in 0.057240 seconds 
========================================================================
Received Import Request.
  Time since last request: 0.000024 seconds.
  path: Assets/Hat Pack/Materials/PolicemanDIffuse.mat
  artifactKey: Guid(5249197d76323074995c3e75224b16ef) Importer(815301076,1909f56bfc062723c751e8b465ee728b)
Start importing Assets/Hat Pack/Materials/PolicemanDIffuse.mat using Guid(5249197d76323074995c3e75224b16ef) Importer(815301076,1909f56bfc062723c751e8b465ee728b)  -> (artifact id: '6528a667beb92edd5655e323994233e3') in 0.112995 seconds 
========================================================================
Received Import Request.
  Time since last request: 0.000051 seconds.
  path: Assets/Hat Pack/Materials/TopHat.mat
  artifactKey: Guid(4164da0610693594e9b835bdd8a71541) Importer(815301076,1909f56bfc062723c751e8b465ee728b)
Start importing Assets/Hat Pack/Materials/TopHat.mat using Guid(4164da0610693594e9b835bdd8a71541) Importer(815301076,1909f56bfc062723c751e8b465ee728b)  -> (artifact id: 'fed49ce9b00fed36c41db928605e55b7') in 0.113184 seconds 
========================================================================
Received Import Request.
  Time since last request: 0.000025 seconds.
  path: Assets/Hat Pack/Materials/sombreroDIffuse.mat
  artifactKey: Guid(8677bc3c4c6a8074c9319c1a83f19683) Importer(815301076,1909f56bfc062723c751e8b465ee728b)
Start importing Assets/Hat Pack/Materials/sombreroDIffuse.mat using Guid(8677bc3c4c6a8074c9319c1a83f19683) Importer(815301076,1909f56bfc062723c751e8b465ee728b)  -> (artifact id: '0dff8d1286ce85640d5aa5f519e61862') in 0.079352 seconds 
========================================================================
Received Import Request.
  Time since last request: 0.000532 seconds.
  path: Assets/Hat Pack/Materials/SpaceDiffuse.mat
  artifactKey: Guid(dbcfd72db9d3e8c41a4c7c26569925c6) Importer(815301076,1909f56bfc062723c751e8b465ee728b)
Start importing Assets/Hat Pack/Materials/SpaceDiffuse.mat using Guid(dbcfd72db9d3e8c41a4c7c26569925c6) Importer(815301076,1909f56bfc062723c751e8b465ee728b)  -> (artifact id: '38618f62bc5787b21edfe685a6af63fd') in 0.095068 seconds 
========================================================================
Received Import Request.
  Time since last request: 0.000025 seconds.
  path: Assets/Hat Pack/Materials/ElfChristmasHat.mat
  artifactKey: Guid(68e74281898305f49a7be4dbb3ea8bfc) Importer(815301076,1909f56bfc062723c751e8b465ee728b)
Start importing Assets/Hat Pack/Materials/ElfChristmasHat.mat using Guid(68e74281898305f49a7be4dbb3ea8bfc) Importer(815301076,1909f56bfc062723c751e8b465ee728b)  -> (artifact id: '909bf4b082bc64910c9e23361183425e') in 0.140481 seconds 
========================================================================
Received Import Request.
  Time since last request: 12.412391 seconds.
  path: Assets/Prefabs/Hats
  artifactKey: Guid(e5de62bb7f9f25b46bde099316d6992e) Importer(815301076,1909f56bfc062723c751e8b465ee728b)
Start importing Assets/Prefabs/Hats using Guid(e5de62bb7f9f25b46bde099316d6992e) Importer(815301076,1909f56bfc062723c751e8b465ee728b)  -> (artifact id: '6d48101d70eabae57ec8b401eea017e8') in 0.008176 seconds 
========================================================================
Received Import Request.
  Time since last request: 8.024107 seconds.
  path: Assets/Hat Pack/Prefabs/AsianHat.prefab
  artifactKey: Guid(61383c1a296ecf445bb16422ab23b000) Importer(815301076,1909f56bfc062723c751e8b465ee728b)
Start importing Assets/Hat Pack/Prefabs/AsianHat.prefab using Guid(61383c1a296ecf445bb16422ab23b000) Importer(815301076,1909f56bfc062723c751e8b465ee728b)  -> (artifact id: 'c352bbfa795a155a544dd1a8a385ca93') in 0.225311 seconds 
========================================================================
Received Import Request.
  Time since last request: 305.213701 seconds.
  path: Assets/Hat Pack/FBX/Materials
  artifactKey: Guid(920b45d8b39c6294589f709d208e9b65) Importer(815301076,1909f56bfc062723c751e8b465ee728b)
Start importing Assets/Hat Pack/FBX/Materials using Guid(920b45d8b39c6294589f709d208e9b65) Importer(815301076,1909f56bfc062723c751e8b465ee728b)  -> (artifact id: 'e5af2d90a9c94d56d95bb00396c58ce9') in 0.011234 seconds 
========================================================================
Received Import Request.
  Time since last request: 0.073728 seconds.
  path: Assets/Hat Pack/FBX/Materials/blobDIff.mat
  artifactKey: Guid(6f4d8086eac5ff04d9e411aa16a15eea) Importer(815301076,1909f56bfc062723c751e8b465ee728b)
Start importing Assets/Hat Pack/FBX/Materials/blobDIff.mat using Guid(6f4d8086eac5ff04d9e411aa16a15eea) Importer(815301076,1909f56bfc062723c751e8b465ee728b)  -> (artifact id: '56ab4dadba72a28290c3a828fe379035') in 0.022284 seconds 
========================================================================
Received Import Request.
  Time since last request: 0.000023 seconds.
  path: Assets/Hat Pack/FBX/Materials/makegamesgreatagainDiffuse.mat
  artifactKey: Guid(7a6249f9171bd434b82e37ef9efa1eed) Importer(815301076,1909f56bfc062723c751e8b465ee728b)
Start importing Assets/Hat Pack/FBX/Materials/makegamesgreatagainDiffuse.mat using Guid(7a6249f9171bd434b82e37ef9efa1eed) Importer(815301076,1909f56bfc062723c751e8b465ee728b)  -> (artifact id: '6f27b5e24fbdced898f3878c865d4718') in 0.109987 seconds 
========================================================================
Received Import Request.
  Time since last request: 0.000023 seconds.
  path: Assets/Hat Pack/FBX/Materials/chinamanDIff.mat
  artifactKey: Guid(65d98617bf9d09c4faca3adf6aa3b26e) Importer(815301076,1909f56bfc062723c751e8b465ee728b)
Start importing Assets/Hat Pack/FBX/Materials/chinamanDIff.mat using Guid(65d98617bf9d09c4faca3adf6aa3b26e) Importer(815301076,1909f56bfc062723c751e8b465ee728b)  -> (artifact id: 'd941a2e413921a03511298636dd7d17e') in 0.052505 seconds 
========================================================================
Received Import Request.
  Time since last request: 0.000036 seconds.
  path: Assets/Hat Pack/FBX/Materials/cowboyDIffuse.mat
  artifactKey: Guid(d73f931338d72494ea59b81e9a60111f) Importer(815301076,1909f56bfc062723c751e8b465ee728b)
Start importing Assets/Hat Pack/FBX/Materials/cowboyDIffuse.mat using Guid(d73f931338d72494ea59b81e9a60111f) Importer(815301076,1909f56bfc062723c751e8b465ee728b)  -> (artifact id: 'b6f90bf4ee0ea57d2137455a2de1b21a') in 0.091493 seconds 
========================================================================
Received Import Request.
  Time since last request: 0.000030 seconds.
  path: Assets/Hat Pack/FBX/Materials/wizardHatDIffuse.mat
  artifactKey: Guid(872a5e93f569f8e41a303e6f84d1a0de) Importer(815301076,1909f56bfc062723c751e8b465ee728b)
Start importing Assets/Hat Pack/FBX/Materials/wizardHatDIffuse.mat using Guid(872a5e93f569f8e41a303e6f84d1a0de) Importer(815301076,1909f56bfc062723c751e8b465ee728b)  -> (artifact id: '2600e69917c8ef9a36e456fe47445f6d') in 0.079841 seconds 
========================================================================
Received Import Request.
  Time since last request: 0.000029 seconds.
  path: Assets/Hat Pack/FBX/Materials/vikingDiffuse.mat
  artifactKey: Guid(93fb470a5f7b45a41b0b3313e3f1173e) Importer(815301076,1909f56bfc062723c751e8b465ee728b)
Start importing Assets/Hat Pack/FBX/Materials/vikingDiffuse.mat using Guid(93fb470a5f7b45a41b0b3313e3f1173e) Importer(815301076,1909f56bfc062723c751e8b465ee728b)  -> (artifact id: 'c023a65dd129ceb07a068bf07fc1bbea') in 0.108905 seconds 
========================================================================
Received Import Request.
  Time since last request: 0.000048 seconds.
  path: Assets/Hat Pack/FBX/Materials/crownDiffuse.mat
  artifactKey: Guid(9a03a567dd601d946b49382a821c358c) Importer(815301076,1909f56bfc062723c751e8b465ee728b)
Start importing Assets/Hat Pack/FBX/Materials/crownDiffuse.mat using Guid(9a03a567dd601d946b49382a821c358c) Importer(815301076,1909f56bfc062723c751e8b465ee728b)  -> (artifact id: '13aca567cafd89eb85dbb57892e99d13') in 0.065975 seconds 
========================================================================
Received Import Request.
  Time since last request: 0.000024 seconds.
  path: Assets/Hat Pack/FBX/Materials/indianTEST1.mat
  artifactKey: Guid(49ced8e3aea96e24188bb64c1d4a8044) Importer(815301076,1909f56bfc062723c751e8b465ee728b)
Start importing Assets/Hat Pack/FBX/Materials/indianTEST1.mat using Guid(49ced8e3aea96e24188bb64c1d4a8044) Importer(815301076,1909f56bfc062723c751e8b465ee728b)  -> (artifact id: 'ea311b545274ca44b11828fad1ac9ec0') in 0.019204 seconds 
========================================================================
Received Import Request.
  Time since last request: 0.000109 seconds.
  path: Assets/Hat Pack/FBX/Materials/devilHornsDiffuse.mat
  artifactKey: Guid(0c2079612d03c974594d8d7837afaa88) Importer(815301076,1909f56bfc062723c751e8b465ee728b)
Start importing Assets/Hat Pack/FBX/Materials/devilHornsDiffuse.mat using Guid(0c2079612d03c974594d8d7837afaa88) Importer(815301076,1909f56bfc062723c751e8b465ee728b)  -> (artifact id: '991fe74bf360172197bf0a34d39be455') in 0.056364 seconds 
========================================================================
Received Import Request.
  Time since last request: 0.016544 seconds.
  path: Assets/Hat Pack/FBX/Materials/knightWNeckDiffuse.mat
  artifactKey: Guid(03718a78b1f55e9419d61cf073dfc810) Importer(815301076,1909f56bfc062723c751e8b465ee728b)
Start importing Assets/Hat Pack/FBX/Materials/knightWNeckDiffuse.mat using Guid(03718a78b1f55e9419d61cf073dfc810) Importer(815301076,1909f56bfc062723c751e8b465ee728b)  -> (artifact id: '512e1f667eeb82671372881c48625c22') in 0.113910 seconds 
========================================================================
Received Import Request.
  Time since last request: 0.000025 seconds.
  path: Assets/Hat Pack/FBX/Materials/topHatDiffuse.mat
  artifactKey: Guid(4e04530bf179b80458e19c0df1092e22) Importer(815301076,1909f56bfc062723c751e8b465ee728b)
Start importing Assets/Hat Pack/FBX/Materials/topHatDiffuse.mat using Guid(4e04530bf179b80458e19c0df1092e22) Importer(815301076,1909f56bfc062723c751e8b465ee728b)  -> (artifact id: '55c0462cad25d780645209d700e059db') in 0.088892 seconds 
========================================================================
Received Import Request.
  Time since last request: 0.000040 seconds.
  path: Assets/Hat Pack/FBX/Materials/musketeerDiffuse.mat
  artifactKey: Guid(eccd5c9539ad4dd45b5388580dec450d) Importer(815301076,1909f56bfc062723c751e8b465ee728b)
Start importing Assets/Hat Pack/FBX/Materials/musketeerDiffuse.mat using Guid(eccd5c9539ad4dd45b5388580dec450d) Importer(815301076,1909f56bfc062723c751e8b465ee728b)  -> (artifact id: '36f6b9665092742279f336f6ca08db0e') in 0.052640 seconds 
========================================================================
Received Import Request.
  Time since last request: 15.196532 seconds.
  path: Assets/Hat Pack/Textures/Asian conical hat
  artifactKey: Guid(26a706d0d53725e4096dd682e1d5673c) Importer(815301076,1909f56bfc062723c751e8b465ee728b)
Start importing Assets/Hat Pack/Textures/Asian conical hat using Guid(26a706d0d53725e4096dd682e1d5673c) Importer(815301076,1909f56bfc062723c751e8b465ee728b)  -> (artifact id: '1a92dd16be47f21954d41e7df6a7b570') in 0.012003 seconds 
========================================================================
Received Import Request.
  Time since last request: 0.057836 seconds.
  path: Assets/Hat Pack/Textures/Asian conical hat/512Asian_Diffuse.png
  artifactKey: Guid(619ca2932af4c6f439a29aba74360c9d) Importer(815301076,1909f56bfc062723c751e8b465ee728b)
Start importing Assets/Hat Pack/Textures/Asian conical hat/512Asian_Diffuse.png using Guid(619ca2932af4c6f439a29aba74360c9d) Importer(815301076,1909f56bfc062723c751e8b465ee728b)  -> (artifact id: '3b630f6b3d69ad4dad10d3bbb5cb11a0') in 0.062505 seconds 
========================================================================
Received Import Request.
  Time since last request: 0.000036 seconds.
  path: Assets/Hat Pack/Textures/Asian conical hat/Asian_Specular.png
  artifactKey: Guid(92f1f6daef1a4f64b902a2efadf994c3) Importer(815301076,1909f56bfc062723c751e8b465ee728b)
Start importing Assets/Hat Pack/Textures/Asian conical hat/Asian_Specular.png using Guid(92f1f6daef1a4f64b902a2efadf994c3) Importer(815301076,1909f56bfc062723c751e8b465ee728b)  -> (artifact id: 'e014677d0a1cdac211fe80ebbc06fcea') in 0.100197 seconds 
========================================================================
Received Import Request.
  Time since last request: 5.229488 seconds.
  path: Assets/Hat Pack/Textures/BowlerHat/512BowlerHatDiff.png
  artifactKey: Guid(e5407c0b6044fea46b703635817f89e6) Importer(815301076,1909f56bfc062723c751e8b465ee728b)
Start importing Assets/Hat Pack/Textures/BowlerHat/512BowlerHatDiff.png using Guid(e5407c0b6044fea46b703635817f89e6) Importer(815301076,1909f56bfc062723c751e8b465ee728b)  -> (artifact id: '692b9fb0dc4ac3b4abe2232163750a34') in 0.073917 seconds 
========================================================================
Received Import Request.
  Time since last request: 0.000024 seconds.
  path: Assets/Hat Pack/Textures/BowlerHat/BowlerHatSpec.png
  artifactKey: Guid(bd2a764859cfbde409ab72879607b9b1) Importer(815301076,1909f56bfc062723c751e8b465ee728b)
Start importing Assets/Hat Pack/Textures/BowlerHat/BowlerHatSpec.png using Guid(bd2a764859cfbde409ab72879607b9b1) Importer(815301076,1909f56bfc062723c751e8b465ee728b)  -> (artifact id: '1fb13a2059f5342055f2a9d96ef49cf1') in 0.132829 seconds 
========================================================================
Received Import Request.
  Time since last request: 1.296653 seconds.
  path: Assets/Hat Pack/Textures/Builder/512builderAlbeido.png
  artifactKey: Guid(f6d79876ce031454a82062f311954e3d) Importer(815301076,1909f56bfc062723c751e8b465ee728b)
Start importing Assets/Hat Pack/Textures/Builder/512builderAlbeido.png using Guid(f6d79876ce031454a82062f311954e3d) Importer(815301076,1909f56bfc062723c751e8b465ee728b)  -> (artifact id: '392c9279da0d004d730515e3fe96c407') in 0.053280 seconds 
========================================================================
Received Import Request.
  Time since last request: 0.000028 seconds.
  path: Assets/Hat Pack/Textures/Builder/builderAlbeido.png
  artifactKey: Guid(2a281a9a74b1a2146a128140ca3179ff) Importer(815301076,1909f56bfc062723c751e8b465ee728b)
Start importing Assets/Hat Pack/Textures/Builder/builderAlbeido.png using Guid(2a281a9a74b1a2146a128140ca3179ff) Importer(815301076,1909f56bfc062723c751e8b465ee728b)  -> (artifact id: '3be8b419e4223c2c5e285b4a26516f16') in 0.052255 seconds 
========================================================================
Received Import Request.
  Time since last request: 20.379021 seconds.
  path: Assets/Sprites/Shop/Hat
  artifactKey: Guid(39a1c9938ce0d354084245cf7ee1fc14) Importer(815301076,1909f56bfc062723c751e8b465ee728b)
Start importing Assets/Sprites/Shop/Hat using Guid(39a1c9938ce0d354084245cf7ee1fc14) Importer(815301076,1909f56bfc062723c751e8b465ee728b)  -> (artifact id: '15f912f7994380d3ec0127a5256011cb') in 0.009189 seconds 
========================================================================
Received Import Request.
  Time since last request: 599.648301 seconds.
  path: Assets/Sprites/Shop/Hat/AsianHat.png
  artifactKey: Guid(4913cd77490cb13438c33e50b48e099e) Importer(815301076,1909f56bfc062723c751e8b465ee728b)
Start importing Assets/Sprites/Shop/Hat/AsianHat.png using Guid(4913cd77490cb13438c33e50b48e099e) Importer(815301076,1909f56bfc062723c751e8b465ee728b)  -> (artifact id: '997b53f06abc3e1db20ac69c196d8081') in 0.022186 seconds 
========================================================================
Received Import Request.
  Time since last request: 11.769488 seconds.
  path: Assets/Sprites/Shop/Hat/AsianHat.png
  artifactKey: Guid(4913cd77490cb13438c33e50b48e099e) Importer(815301076,1909f56bfc062723c751e8b465ee728b)
Start importing Assets/Sprites/Shop/Hat/AsianHat.png using Guid(4913cd77490cb13438c33e50b48e099e) Importer(815301076,1909f56bfc062723c751e8b465ee728b)  -> (artifact id: '26f4b1c6ba251d066ef6a4db308a189d') in 0.077806 seconds 
========================================================================
Received Prepare
Registering precompiled user dll's ...
Registered in 0.003623 seconds.
Begin MonoManager ReloadAssembly
Symbol file LoadedFromMemory doesn't match image D:\Unity\MagnitudeSprint\MagnitudeSprint\Library\PackageCache\com.unity.visualscripting@1.8.0\Editor\VisualScripting.Core\Dependencies\YamlDotNet\Unity.VisualScripting.YamlDotNet.dll
Symbol file LoadedFromMemory doesn't match image D:\Unity\MagnitudeSprint\MagnitudeSprint\Library\PackageCache\com.unity.visualscripting@1.8.0\Editor\VisualScripting.Core\Dependencies\DotNetZip\Unity.VisualScripting.IonicZip.dll
Native extension for UWP target not found
Native extension for WindowsStandalone target not found
Native extension for Android target not found
Native extension for WebGL target not found
Refreshing native plugins compatible for Editor in 1.45 ms, found 3 plugins.
Preloading 0 native plugins for Editor in 0.00 ms.
Mono: successfully reloaded assembly
- Completed reload, in  2.238 seconds
Domain Reload Profiling:
	ReloadAssembly (2240ms)
		BeginReloadAssembly (478ms)
			ExecutionOrderSort (0ms)
			DisableScriptedObjects (14ms)
			BackupInstance (0ms)
			ReleaseScriptingObjects (0ms)
			CreateAndSetChildDomain (232ms)
		EndReloadAssembly (1545ms)
			LoadAssemblies (186ms)
			RebuildTransferFunctionScriptingTraits (0ms)
			SetupTypeCache (534ms)
			ReleaseScriptCaches (3ms)
			RebuildScriptCaches (113ms)
			SetupLoadedEditorAssemblies (515ms)
				LogAssemblyErrors (0ms)
				InitializePlatformSupportModulesInManaged (84ms)
				SetLoadedEditorAssemblies (1ms)
				RefreshPlugins (2ms)
				BeforeProcessingInitializeOnLoad (116ms)
				ProcessInitializeOnLoadAttributes (273ms)
				ProcessInitializeOnLoadMethodAttributes (27ms)
				AfterProcessingInitializeOnLoad (12ms)
				EditorAssembliesLoaded (0ms)
			ExecutionOrderSort2 (0ms)
			AwakeInstancesAfterBackupRestoration (7ms)
Platform modules already initialized, skipping
Refreshing native plugins compatible for Editor in 2.78 ms, found 3 plugins.
Preloading 0 native plugins for Editor in 0.00 ms.
Unloading 3142 Unused Serialized files (Serialized files now loaded: 0)
Unloading 19 unused Assets / (80.1 KB). Loaded Objects now: 3688.
Memory consumption went from 117.2 MB to 117.1 MB.
Total: 7.323700 ms (FindLiveObjects: 0.899100 ms CreateObjectMapping: 0.426300 ms MarkObjects: 5.884700 ms  DeleteObjects: 0.111400 ms)

AssetImportParameters requested are different than current active one (requested -> active):
  custom:video-decoder-ogg-theora: a1e56fd34408186e4bbccfd4996cb3dc -> 
  custom:container-muxer-webm: aa71ff27fc2769a1b78a27578f13a17b -> 
  custom:container-demuxer-webm: 4f35f7cbe854078d1ac9338744f61a02 -> 
  custom:video-encoder-webm-vp8: eb34c28f22e8b96e1ab97ce403110664 -> 
  custom:audio-encoder-webm-vorbis: bf7c407c2cedff20999df2af8eb42d56 -> 
  custom:framework-win-MediaFoundation: 216162199b28c13a410421893ffa2e32 -> 
  custom:container-demuxer-ogg: 62fdf1f143b41e24485cea50d1cbac27 -> 
  custom:video-decoder-webm-vp8: 9c59270c3fd7afecdb556c50c9e8de78 -> 
  custom:audio-decoder-ogg-vorbis: bf7c407c2cedff20999df2af8eb42d56 -> 
========================================================================
Received Import Request.
  Time since last request: 284.035367 seconds.
  path: Assets/Sprites/Shop/Hat/AsianHat.png
  artifactKey: Guid(4913cd77490cb13438c33e50b48e099e) Importer(815301076,1909f56bfc062723c751e8b465ee728b)
Start importing Assets/Sprites/Shop/Hat/AsianHat.png using Guid(4913cd77490cb13438c33e50b48e099e) Importer(815301076,1909f56bfc062723c751e8b465ee728b)  -> (artifact id: '1dd1fe09878412f2cff80c954a3c7e92') in 0.078782 seconds 
========================================================================
Received Import Request.
  Time since last request: 7.710132 seconds.
  path: Assets/Sprites/Shop/Hat/AsianHat.png
  artifactKey: Guid(4913cd77490cb13438c33e50b48e099e) Importer(815301076,1909f56bfc062723c751e8b465ee728b)
Start importing Assets/Sprites/Shop/Hat/AsianHat.png using Guid(4913cd77490cb13438c33e50b48e099e) Importer(815301076,1909f56bfc062723c751e8b465ee728b)  -> (artifact id: '295366e33b3e949ab2091ca0a9d993b4') in 0.030711 seconds 
========================================================================
Received Import Request.
  Time since last request: 197.934212 seconds.
  path: Assets/Sprites/Shop/Hat/AsianHat.png
  artifactKey: Guid(4913cd77490cb13438c33e50b48e099e) Importer(815301076,1909f56bfc062723c751e8b465ee728b)
Start importing Assets/Sprites/Shop/Hat/AsianHat.png using Guid(4913cd77490cb13438c33e50b48e099e) Importer(815301076,1909f56bfc062723c751e8b465ee728b)  -> (artifact id: '984758b7ca3c7befbb9e4fe7d45b8172') in 0.017150 seconds 
========================================================================
Received Import Request.
  Time since last request: 4.886050 seconds.
  path: Assets/Sprites/Shop/Hat/AsianHat.png
  artifactKey: Guid(4913cd77490cb13438c33e50b48e099e) Importer(815301076,1909f56bfc062723c751e8b465ee728b)
Start importing Assets/Sprites/Shop/Hat/AsianHat.png using Guid(4913cd77490cb13438c33e50b48e099e) Importer(815301076,1909f56bfc062723c751e8b465ee728b)  -> (artifact id: '53f67d54f4cac216e9f06392904e8432') in 0.051061 seconds 
========================================================================
Received Import Request.
  Time since last request: 87.756329 seconds.
  path: Assets/Sprites/Shop/Hat/AsianHat.png
  artifactKey: Guid(4913cd77490cb13438c33e50b48e099e) Importer(815301076,1909f56bfc062723c751e8b465ee728b)
Start importing Assets/Sprites/Shop/Hat/AsianHat.png using Guid(4913cd77490cb13438c33e50b48e099e) Importer(815301076,1909f56bfc062723c751e8b465ee728b)  -> (artifact id: 'bdc087f5690a59b6fbd58a2aed455d4a') in 0.026436 seconds 
========================================================================
Received Import Request.
  Time since last request: 3.808322 seconds.
  path: Assets/Sprites/Shop/Hat/AsianHat.png
  artifactKey: Guid(4913cd77490cb13438c33e50b48e099e) Importer(815301076,1909f56bfc062723c751e8b465ee728b)
Start importing Assets/Sprites/Shop/Hat/AsianHat.png using Guid(4913cd77490cb13438c33e50b48e099e) Importer(815301076,1909f56bfc062723c751e8b465ee728b)  -> (artifact id: '1370b28806231b9fd008fb16cb609bb8') in 0.049606 seconds 
========================================================================
Received Import Request.
  Time since last request: 398.867848 seconds.
  path: Assets/Sprites/Shop/Hat/BowlerHat.png
  artifactKey: Guid(8d5e31fbc9dc0054a89090577a2ec631) Importer(815301076,1909f56bfc062723c751e8b465ee728b)
Start importing Assets/Sprites/Shop/Hat/BowlerHat.png using Guid(8d5e31fbc9dc0054a89090577a2ec631) Importer(815301076,1909f56bfc062723c751e8b465ee728b)  -> (artifact id: '9303179dccd66bfb051bca69fd672a1d') in 0.015867 seconds 
========================================================================
Received Import Request.
  Time since last request: 43.635768 seconds.
  path: Assets/Sprites/Shop/Hat/BowlerHat.png
  artifactKey: Guid(8d5e31fbc9dc0054a89090577a2ec631) Importer(815301076,1909f56bfc062723c751e8b465ee728b)
Start importing Assets/Sprites/Shop/Hat/BowlerHat.png using Guid(8d5e31fbc9dc0054a89090577a2ec631) Importer(815301076,1909f56bfc062723c751e8b465ee728b)  -> (artifact id: 'ad517682386070a0399dd37b07602e42') in 0.056710 seconds 
========================================================================
Received Import Request.
  Time since last request: 99.842591 seconds.
  path: Assets/Sprites/Shop/Hat/BuildersHelmet.png
  artifactKey: Guid(a6683a4c3c4e0dc4a8eab4517aabf6cb) Importer(815301076,1909f56bfc062723c751e8b465ee728b)
Start importing Assets/Sprites/Shop/Hat/BuildersHelmet.png using Guid(a6683a4c3c4e0dc4a8eab4517aabf6cb) Importer(815301076,1909f56bfc062723c751e8b465ee728b)  -> (artifact id: 'b7657c5e98eb8618523e197c117b860b') in 0.014084 seconds 
========================================================================
Received Import Request.
  Time since last request: 3.805078 seconds.
  path: Assets/Sprites/Shop/Hat/BuildersHelmet.png
  artifactKey: Guid(a6683a4c3c4e0dc4a8eab4517aabf6cb) Importer(815301076,1909f56bfc062723c751e8b465ee728b)
Start importing Assets/Sprites/Shop/Hat/BuildersHelmet.png using Guid(a6683a4c3c4e0dc4a8eab4517aabf6cb) Importer(815301076,1909f56bfc062723c751e8b465ee728b)  -> (artifact id: '915c9ae34d3a6430a8d6ef2d5975e198') in 0.051695 seconds 
========================================================================
Received Import Request.
  Time since last request: 126.720555 seconds.
  path: Assets/Sprites/Shop/Hat/CowboyHat.png
  artifactKey: Guid(444e87bc13962b442a528771e367ddca) Importer(815301076,1909f56bfc062723c751e8b465ee728b)
Start importing Assets/Sprites/Shop/Hat/CowboyHat.png using Guid(444e87bc13962b442a528771e367ddca) Importer(815301076,1909f56bfc062723c751e8b465ee728b)  -> (artifact id: 'bc90238bee024ade711846fcf742213d') in 0.013947 seconds 
========================================================================
Received Import Request.
  Time since last request: 5.410119 seconds.
  path: Assets/Sprites/Shop/Hat/CowboyHat.png
  artifactKey: Guid(444e87bc13962b442a528771e367ddca) Importer(815301076,1909f56bfc062723c751e8b465ee728b)
Start importing Assets/Sprites/Shop/Hat/CowboyHat.png using Guid(444e87bc13962b442a528771e367ddca) Importer(815301076,1909f56bfc062723c751e8b465ee728b)  -> (artifact id: 'c1a00c269f550132c3591fc438953623') in 0.049913 seconds 
========================================================================
Received Import Request.
  Time since last request: 284.248592 seconds.
  path: Assets/Sprites/Shop/Hat/DevilHorns.png
  artifactKey: Guid(ed1cf91f9cdd9264f993fdff44dcab66) Importer(815301076,1909f56bfc062723c751e8b465ee728b)
Start importing Assets/Sprites/Shop/Hat/DevilHorns.png using Guid(ed1cf91f9cdd9264f993fdff44dcab66) Importer(815301076,1909f56bfc062723c751e8b465ee728b)  -> (artifact id: 'e71298a9a4dbbd813e6d2cf74be4bd71') in 0.015578 seconds 
========================================================================
Received Import Request.
  Time since last request: 5.871683 seconds.
  path: Assets/Sprites/Shop/Hat/DevilHorns.png
  artifactKey: Guid(ed1cf91f9cdd9264f993fdff44dcab66) Importer(815301076,1909f56bfc062723c751e8b465ee728b)
Start importing Assets/Sprites/Shop/Hat/DevilHorns.png using Guid(ed1cf91f9cdd9264f993fdff44dcab66) Importer(815301076,1909f56bfc062723c751e8b465ee728b)  -> (artifact id: 'a37bd1066cfcfcb2268209fb689bd36c') in 0.052782 seconds 
========================================================================
Received Import Request.
  Time since last request: 151.280302 seconds.
  path: Assets/Sprites/Shop/Hat/FiremanHelmet.png
  artifactKey: Guid(c6b745e8dd1af674b9245f7016f2867a) Importer(815301076,1909f56bfc062723c751e8b465ee728b)
Start importing Assets/Sprites/Shop/Hat/FiremanHelmet.png using Guid(c6b745e8dd1af674b9245f7016f2867a) Importer(815301076,1909f56bfc062723c751e8b465ee728b)  -> (artifact id: '00c1f23b380460d4e22719c0039add0a') in 0.013750 seconds 
========================================================================
Received Import Request.
  Time since last request: 4.586109 seconds.
  path: Assets/Sprites/Shop/Hat/FiremanHelmet.png
  artifactKey: Guid(c6b745e8dd1af674b9245f7016f2867a) Importer(815301076,1909f56bfc062723c751e8b465ee728b)
Start importing Assets/Sprites/Shop/Hat/FiremanHelmet.png using Guid(c6b745e8dd1af674b9245f7016f2867a) Importer(815301076,1909f56bfc062723c751e8b465ee728b)  -> (artifact id: 'c63232b4f76af050074cd93617c43dc2') in 0.050560 seconds 
========================================================================
Received Import Request.
  Time since last request: 334.353143 seconds.
  path: Assets/Sprites/Shop/Hat/Headphones.png
  artifactKey: Guid(5aab134ded8b421448dda693b9970686) Importer(815301076,1909f56bfc062723c751e8b465ee728b)
Start importing Assets/Sprites/Shop/Hat/Headphones.png using Guid(5aab134ded8b421448dda693b9970686) Importer(815301076,1909f56bfc062723c751e8b465ee728b)  -> (artifact id: 'a81ed98f9d1310ce75920f1dc38befd3') in 0.017342 seconds 
========================================================================
Received Import Request.
  Time since last request: 4.488186 seconds.
  path: Assets/Sprites/Shop/Hat/Headphones.png
  artifactKey: Guid(5aab134ded8b421448dda693b9970686) Importer(815301076,1909f56bfc062723c751e8b465ee728b)
Start importing Assets/Sprites/Shop/Hat/Headphones.png using Guid(5aab134ded8b421448dda693b9970686) Importer(815301076,1909f56bfc062723c751e8b465ee728b)  -> (artifact id: '56c34047dfa9464f83e5dc8ba309183a') in 0.024929 seconds 
========================================================================
Received Import Request.
  Time since last request: 104.223711 seconds.
  path: Assets/Sprites/Shop/Hat/HuntersHat.png
  artifactKey: Guid(59eda5c15179f5740b11a8d871801cbd) Importer(815301076,1909f56bfc062723c751e8b465ee728b)
Start importing Assets/Sprites/Shop/Hat/HuntersHat.png using Guid(59eda5c15179f5740b11a8d871801cbd) Importer(815301076,1909f56bfc062723c751e8b465ee728b)  -> (artifact id: '8ba8fc47924257c796f8883c5f173717') in 0.019451 seconds 
========================================================================
Received Import Request.
  Time since last request: 6.273161 seconds.
  path: Assets/Sprites/Shop/Hat/HuntersHat.png
  artifactKey: Guid(59eda5c15179f5740b11a8d871801cbd) Importer(815301076,1909f56bfc062723c751e8b465ee728b)
Start importing Assets/Sprites/Shop/Hat/HuntersHat.png using Guid(59eda5c15179f5740b11a8d871801cbd) Importer(815301076,1909f56bfc062723c751e8b465ee728b)  -> (artifact id: '38d032e67ce4d30e5e714ca340d7cd53') in 0.050860 seconds 
========================================================================
Received Import Request.
  Time since last request: 190.401409 seconds.
  path: Assets/Sprites/Shop/Hat/KingsCrown.png
  artifactKey: Guid(452d13cc3b197db43b0db7535b70c6ae) Importer(815301076,1909f56bfc062723c751e8b465ee728b)
Start importing Assets/Sprites/Shop/Hat/KingsCrown.png using Guid(452d13cc3b197db43b0db7535b70c6ae) Importer(815301076,1909f56bfc062723c751e8b465ee728b)  -> (artifact id: '97f3b80e730bcc57ff3adfac10d083a1') in 0.016827 seconds 
========================================================================
Received Import Request.
  Time since last request: 4.419366 seconds.
  path: Assets/Sprites/Shop/Hat/KingsCrown.png
  artifactKey: Guid(452d13cc3b197db43b0db7535b70c6ae) Importer(815301076,1909f56bfc062723c751e8b465ee728b)
Start importing Assets/Sprites/Shop/Hat/KingsCrown.png using Guid(452d13cc3b197db43b0db7535b70c6ae) Importer(815301076,1909f56bfc062723c751e8b465ee728b)  -> (artifact id: 'ca0887f6c79959a4585115586330d41a') in 0.019000 seconds 
========================================================================
Received Import Request.
  Time since last request: 184.307286 seconds.
  path: Assets/Sprites/Shop/Hat/Mohawk.png
  artifactKey: Guid(3855fbcb645958d42918c43da940c77d) Importer(815301076,1909f56bfc062723c751e8b465ee728b)
Start importing Assets/Sprites/Shop/Hat/Mohawk.png using Guid(3855fbcb645958d42918c43da940c77d) Importer(815301076,1909f56bfc062723c751e8b465ee728b)  -> (artifact id: '6fe6f56c7748aaf033ae4a40e7ad5a3b') in 0.015247 seconds 
========================================================================
Received Import Request.
  Time since last request: 4.627778 seconds.
  path: Assets/Sprites/Shop/Hat/Mohawk.png
  artifactKey: Guid(3855fbcb645958d42918c43da940c77d) Importer(815301076,1909f56bfc062723c751e8b465ee728b)
Start importing Assets/Sprites/Shop/Hat/Mohawk.png using Guid(3855fbcb645958d42918c43da940c77d) Importer(815301076,1909f56bfc062723c751e8b465ee728b)  -> (artifact id: 'a1dd0cae692c8612328e59c1c48302f0') in 0.055160 seconds 
========================================================================
Received Import Request.
  Time since last request: 101.329534 seconds.
  path: Assets/Sprites/Shop/Hat/PirateHat.png
  artifactKey: Guid(f347ef7c2d04bd947aacea68136d1be1) Importer(815301076,1909f56bfc062723c751e8b465ee728b)
Start importing Assets/Sprites/Shop/Hat/PirateHat.png using Guid(f347ef7c2d04bd947aacea68136d1be1) Importer(815301076,1909f56bfc062723c751e8b465ee728b)  -> (artifact id: 'b9a0c5dcfc69dd752f3d1b6d15846d5f') in 0.013356 seconds 
========================================================================
Received Import Request.
  Time since last request: 4.699281 seconds.
  path: Assets/Sprites/Shop/Hat/PirateHat.png
  artifactKey: Guid(f347ef7c2d04bd947aacea68136d1be1) Importer(815301076,1909f56bfc062723c751e8b465ee728b)
Start importing Assets/Sprites/Shop/Hat/PirateHat.png using Guid(f347ef7c2d04bd947aacea68136d1be1) Importer(815301076,1909f56bfc062723c751e8b465ee728b)  -> (artifact id: 'ed957135e0846eb0c29ebe22a71b27f5') in 0.052285 seconds 
========================================================================
Received Import Request.
  Time since last request: 144.551718 seconds.
  path: Assets/Sprites/Shop/Hat/PoliceHat.png
  artifactKey: Guid(41ba302c563ccfe4a971e202291efc3f) Importer(815301076,1909f56bfc062723c751e8b465ee728b)
Start importing Assets/Sprites/Shop/Hat/PoliceHat.png using Guid(41ba302c563ccfe4a971e202291efc3f) Importer(815301076,1909f56bfc062723c751e8b465ee728b)  -> (artifact id: '07a7328634097c9acee1772270b0c746') in 0.020385 seconds 
========================================================================
Received Import Request.
  Time since last request: 4.435463 seconds.
  path: Assets/Sprites/Shop/Hat/PoliceHat.png
  artifactKey: Guid(41ba302c563ccfe4a971e202291efc3f) Importer(815301076,1909f56bfc062723c751e8b465ee728b)
Start importing Assets/Sprites/Shop/Hat/PoliceHat.png using Guid(41ba302c563ccfe4a971e202291efc3f) Importer(815301076,1909f56bfc062723c751e8b465ee728b)  -> (artifact id: 'ecef1b41dcfacabdc2e713aac53e2ad8') in 0.022874 seconds 
========================================================================
Received Import Request.
  Time since last request: 71.902550 seconds.
  path: Assets/Sprites/Shop/Hat/RabbitEars.png
  artifactKey: Guid(9c040c6ad1fcec84da6595f3708c7631) Importer(815301076,1909f56bfc062723c751e8b465ee728b)
Start importing Assets/Sprites/Shop/Hat/RabbitEars.png using Guid(9c040c6ad1fcec84da6595f3708c7631) Importer(815301076,1909f56bfc062723c751e8b465ee728b)  -> (artifact id: '3807d8b67990d83470e78f3ad488c435') in 0.030056 seconds 
========================================================================
Received Import Request.
  Time since last request: 5.704163 seconds.
  path: Assets/Sprites/Shop/Hat/RabbitEars.png
  artifactKey: Guid(9c040c6ad1fcec84da6595f3708c7631) Importer(815301076,1909f56bfc062723c751e8b465ee728b)
Start importing Assets/Sprites/Shop/Hat/RabbitEars.png using Guid(9c040c6ad1fcec84da6595f3708c7631) Importer(815301076,1909f56bfc062723c751e8b465ee728b)  -> (artifact id: '9dc39803b8279ab5be5016fe34278bb0') in 0.023993 seconds 
========================================================================
Received Import Request.
  Time since last request: 64.050020 seconds.
  path: Assets/Sprites/Shop/Hat/Sombrero.png
  artifactKey: Guid(382b689b744d06a41a6fcad85e341091) Importer(815301076,1909f56bfc062723c751e8b465ee728b)
Start importing Assets/Sprites/Shop/Hat/Sombrero.png using Guid(382b689b744d06a41a6fcad85e341091) Importer(815301076,1909f56bfc062723c751e8b465ee728b)  -> (artifact id: 'f87ad4363a82eb8bb4ca8415b7d33fa5') in 0.015347 seconds 
========================================================================
Received Import Request.
  Time since last request: 6.442179 seconds.
  path: Assets/Sprites/Shop/Hat/Sombrero.png
  artifactKey: Guid(382b689b744d06a41a6fcad85e341091) Importer(815301076,1909f56bfc062723c751e8b465ee728b)
Start importing Assets/Sprites/Shop/Hat/Sombrero.png using Guid(382b689b744d06a41a6fcad85e341091) Importer(815301076,1909f56bfc062723c751e8b465ee728b)  -> (artifact id: '9de25216207230b9f33ce039bec337ee') in 0.019542 seconds 
========================================================================
Received Import Request.
  Time since last request: 144.925848 seconds.
  path: Assets/Sprites/Shop/Hat/VikingHelmet.png
  artifactKey: Guid(c2a63e14d451df64eba314446784a2b2) Importer(815301076,1909f56bfc062723c751e8b465ee728b)
Start importing Assets/Sprites/Shop/Hat/VikingHelmet.png using Guid(c2a63e14d451df64eba314446784a2b2) Importer(815301076,1909f56bfc062723c751e8b465ee728b)  -> (artifact id: '44c2b11ee21577a698467de375853327') in 0.014386 seconds 
========================================================================
Received Import Request.
  Time since last request: 4.449956 seconds.
  path: Assets/Sprites/Shop/Hat/VikingHelmet.png
  artifactKey: Guid(c2a63e14d451df64eba314446784a2b2) Importer(815301076,1909f56bfc062723c751e8b465ee728b)
Start importing Assets/Sprites/Shop/Hat/VikingHelmet.png using Guid(c2a63e14d451df64eba314446784a2b2) Importer(815301076,1909f56bfc062723c751e8b465ee728b)  -> (artifact id: '15f5c9c86100e96591cf0f436188ff0a') in 0.053626 seconds 
========================================================================
Received Prepare
Registering precompiled user dll's ...
Registered in 0.003451 seconds.
Begin MonoManager ReloadAssembly
Symbol file LoadedFromMemory doesn't match image D:\Unity\MagnitudeSprint\MagnitudeSprint\Library\PackageCache\com.unity.visualscripting@1.8.0\Editor\VisualScripting.Core\Dependencies\YamlDotNet\Unity.VisualScripting.YamlDotNet.dll
Symbol file LoadedFromMemory doesn't match image D:\Unity\MagnitudeSprint\MagnitudeSprint\Library\PackageCache\com.unity.visualscripting@1.8.0\Editor\VisualScripting.Core\Dependencies\DotNetZip\Unity.VisualScripting.IonicZip.dll
Native extension for UWP target not found
Native extension for WindowsStandalone target not found
Native extension for Android target not found
Native extension for WebGL target not found
Refreshing native plugins compatible for Editor in 0.77 ms, found 3 plugins.
Preloading 0 native plugins for Editor in 0.00 ms.
Mono: successfully reloaded assembly
- Completed reload, in  1.968 seconds
Domain Reload Profiling:
	ReloadAssembly (1970ms)
		BeginReloadAssembly (382ms)
			ExecutionOrderSort (0ms)
			DisableScriptedObjects (12ms)
			BackupInstance (0ms)
			ReleaseScriptingObjects (0ms)
			CreateAndSetChildDomain (124ms)
		EndReloadAssembly (1407ms)
			LoadAssemblies (225ms)
			RebuildTransferFunctionScriptingTraits (0ms)
			SetupTypeCache (493ms)
			ReleaseScriptCaches (1ms)
			RebuildScriptCaches (116ms)
			SetupLoadedEditorAssemblies (514ms)
				LogAssemblyErrors (0ms)
				InitializePlatformSupportModulesInManaged (43ms)
				SetLoadedEditorAssemblies (1ms)
				RefreshPlugins (1ms)
				BeforeProcessingInitializeOnLoad (87ms)
				ProcessInitializeOnLoadAttributes (319ms)
				ProcessInitializeOnLoadMethodAttributes (51ms)
				AfterProcessingInitializeOnLoad (12ms)
				EditorAssembliesLoaded (0ms)
			ExecutionOrderSort2 (0ms)
			AwakeInstancesAfterBackupRestoration (27ms)
Platform modules already initialized, skipping
Refreshing native plugins compatible for Editor in 14.50 ms, found 3 plugins.
Preloading 0 native plugins for Editor in 0.00 ms.
Unloading 3142 Unused Serialized files (Serialized files now loaded: 0)
Unloading 19 unused Assets / (80.1 KB). Loaded Objects now: 3741.
Memory consumption went from 117.3 MB to 117.2 MB.
Total: 5.440700 ms (FindLiveObjects: 0.452100 ms CreateObjectMapping: 0.507400 ms MarkObjects: 4.364600 ms  DeleteObjects: 0.115300 ms)

AssetImportParameters requested are different than current active one (requested -> active):
  custom:video-decoder-ogg-theora: a1e56fd34408186e4bbccfd4996cb3dc -> 
  custom:container-muxer-webm: aa71ff27fc2769a1b78a27578f13a17b -> 
  custom:container-demuxer-webm: 4f35f7cbe854078d1ac9338744f61a02 -> 
  custom:video-encoder-webm-vp8: eb34c28f22e8b96e1ab97ce403110664 -> 
  custom:audio-encoder-webm-vorbis: bf7c407c2cedff20999df2af8eb42d56 -> 
  custom:framework-win-MediaFoundation: 216162199b28c13a410421893ffa2e32 -> 
  custom:container-demuxer-ogg: 62fdf1f143b41e24485cea50d1cbac27 -> 
  custom:video-decoder-webm-vp8: 9c59270c3fd7afecdb556c50c9e8de78 -> 
  custom:audio-decoder-ogg-vorbis: bf7c407c2cedff20999df2af8eb42d56 -> 
========================================================================
Received Prepare
Registering precompiled user dll's ...
Registered in 0.004165 seconds.
Begin MonoManager ReloadAssembly
Symbol file LoadedFromMemory doesn't match image D:\Unity\MagnitudeSprint\MagnitudeSprint\Library\PackageCache\com.unity.visualscripting@1.8.0\Editor\VisualScripting.Core\Dependencies\YamlDotNet\Unity.VisualScripting.YamlDotNet.dll
Symbol file LoadedFromMemory doesn't match image D:\Unity\MagnitudeSprint\MagnitudeSprint\Library\PackageCache\com.unity.visualscripting@1.8.0\Editor\VisualScripting.Core\Dependencies\DotNetZip\Unity.VisualScripting.IonicZip.dll
Native extension for UWP target not found
Native extension for WindowsStandalone target not found
Native extension for Android target not found
Native extension for WebGL target not found
Refreshing native plugins compatible for Editor in 0.77 ms, found 3 plugins.
Preloading 0 native plugins for Editor in 0.00 ms.
Mono: successfully reloaded assembly
- Completed reload, in  1.511 seconds
Domain Reload Profiling:
	ReloadAssembly (1512ms)
		BeginReloadAssembly (153ms)
			ExecutionOrderSort (0ms)
			DisableScriptedObjects (6ms)
			BackupInstance (0ms)
			ReleaseScriptingObjects (0ms)
			CreateAndSetChildDomain (35ms)
		EndReloadAssembly (1239ms)
			LoadAssemblies (92ms)
			RebuildTransferFunctionScriptingTraits (0ms)
			SetupTypeCache (342ms)
			ReleaseScriptCaches (2ms)
			RebuildScriptCaches (76ms)
			SetupLoadedEditorAssemblies (586ms)
				LogAssemblyErrors (0ms)
				InitializePlatformSupportModulesInManaged (51ms)
				SetLoadedEditorAssemblies (1ms)
				RefreshPlugins (1ms)
				BeforeProcessingInitializeOnLoad (115ms)
				ProcessInitializeOnLoadAttributes (359ms)
				ProcessInitializeOnLoadMethodAttributes (41ms)
				AfterProcessingInitializeOnLoad (17ms)
				EditorAssembliesLoaded (1ms)
			ExecutionOrderSort2 (0ms)
			AwakeInstancesAfterBackupRestoration (10ms)
Platform modules already initialized, skipping
Refreshing native plugins compatible for Editor in 2.23 ms, found 3 plugins.
Preloading 0 native plugins for Editor in 0.00 ms.
Unloading 3142 Unused Serialized files (Serialized files now loaded: 0)
Unloading 19 unused Assets / (80.0 KB). Loaded Objects now: 3744.
Memory consumption went from 117.3 MB to 117.2 MB.
Total: 4.075300 ms (FindLiveObjects: 0.341700 ms CreateObjectMapping: 0.181100 ms MarkObjects: 3.411600 ms  DeleteObjects: 0.139400 ms)

AssetImportParameters requested are different than current active one (requested -> active):
  custom:video-decoder-ogg-theora: a1e56fd34408186e4bbccfd4996cb3dc -> 
  custom:container-muxer-webm: aa71ff27fc2769a1b78a27578f13a17b -> 
  custom:container-demuxer-webm: 4f35f7cbe854078d1ac9338744f61a02 -> 
  custom:video-encoder-webm-vp8: eb34c28f22e8b96e1ab97ce403110664 -> 
  custom:audio-encoder-webm-vorbis: bf7c407c2cedff20999df2af8eb42d56 -> 
  custom:framework-win-MediaFoundation: 216162199b28c13a410421893ffa2e32 -> 
  custom:container-demuxer-ogg: 62fdf1f143b41e24485cea50d1cbac27 -> 
  custom:video-decoder-webm-vp8: 9c59270c3fd7afecdb556c50c9e8de78 -> 
  custom:audio-decoder-ogg-vorbis: bf7c407c2cedff20999df2af8eb42d56 -> 
========================================================================
Received Prepare
Registering precompiled user dll's ...
Registered in 0.003460 seconds.
Begin MonoManager ReloadAssembly
Symbol file LoadedFromMemory doesn't match image D:\Unity\MagnitudeSprint\MagnitudeSprint\Library\PackageCache\com.unity.visualscripting@1.8.0\Editor\VisualScripting.Core\Dependencies\YamlDotNet\Unity.VisualScripting.YamlDotNet.dll
Symbol file LoadedFromMemory doesn't match image D:\Unity\MagnitudeSprint\MagnitudeSprint\Library\PackageCache\com.unity.visualscripting@1.8.0\Editor\VisualScripting.Core\Dependencies\DotNetZip\Unity.VisualScripting.IonicZip.dll
Native extension for UWP target not found
Native extension for WindowsStandalone target not found
Native extension for Android target not found
Native extension for WebGL target not found
Refreshing native plugins compatible for Editor in 1.27 ms, found 3 plugins.
Preloading 0 native plugins for Editor in 0.00 ms.
Mono: successfully reloaded assembly
- Completed reload, in  1.832 seconds
Domain Reload Profiling:
	ReloadAssembly (1833ms)
		BeginReloadAssembly (289ms)
			ExecutionOrderSort (0ms)
			DisableScriptedObjects (8ms)
			BackupInstance (0ms)
			ReleaseScriptingObjects (0ms)
			CreateAndSetChildDomain (74ms)
		EndReloadAssembly (1354ms)
			LoadAssemblies (203ms)
			RebuildTransferFunctionScriptingTraits (0ms)
			SetupTypeCache (462ms)
			ReleaseScriptCaches (1ms)
			RebuildScriptCaches (70ms)
			SetupLoadedEditorAssemblies (522ms)
				LogAssemblyErrors (0ms)
				InitializePlatformSupportModulesInManaged (60ms)
				SetLoadedEditorAssemblies (1ms)
				RefreshPlugins (1ms)
				BeforeProcessingInitializeOnLoad (89ms)
				ProcessInitializeOnLoadAttributes (321ms)
				ProcessInitializeOnLoadMethodAttributes (38ms)
				AfterProcessingInitializeOnLoad (11ms)
				EditorAssembliesLoaded (0ms)
			ExecutionOrderSort2 (0ms)
			AwakeInstancesAfterBackupRestoration (10ms)
Platform modules already initialized, skipping
Refreshing native plugins compatible for Editor in 14.38 ms, found 3 plugins.
Preloading 0 native plugins for Editor in 0.00 ms.
Unloading 3142 Unused Serialized files (Serialized files now loaded: 0)
Unloading 19 unused Assets / (80.1 KB). Loaded Objects now: 3747.
Memory consumption went from 117.3 MB to 117.2 MB.
Total: 4.759500 ms (FindLiveObjects: 0.400700 ms CreateObjectMapping: 0.273500 ms MarkObjects: 3.923300 ms  DeleteObjects: 0.160500 ms)

AssetImportParameters requested are different than current active one (requested -> active):
  custom:video-decoder-ogg-theora: a1e56fd34408186e4bbccfd4996cb3dc -> 
  custom:container-muxer-webm: aa71ff27fc2769a1b78a27578f13a17b -> 
  custom:container-demuxer-webm: 4f35f7cbe854078d1ac9338744f61a02 -> 
  custom:video-encoder-webm-vp8: eb34c28f22e8b96e1ab97ce403110664 -> 
  custom:audio-encoder-webm-vorbis: bf7c407c2cedff20999df2af8eb42d56 -> 
  custom:framework-win-MediaFoundation: 216162199b28c13a410421893ffa2e32 -> 
  custom:container-demuxer-ogg: 62fdf1f143b41e24485cea50d1cbac27 -> 
  custom:video-decoder-webm-vp8: 9c59270c3fd7afecdb556c50c9e8de78 -> 
  custom:audio-decoder-ogg-vorbis: bf7c407c2cedff20999df2af8eb42d56 -> 
========================================================================
Received Prepare
Registering precompiled user dll's ...
Registered in 0.003438 seconds.
Begin MonoManager ReloadAssembly
Symbol file LoadedFromMemory doesn't match image D:\Unity\MagnitudeSprint\MagnitudeSprint\Library\PackageCache\com.unity.visualscripting@1.8.0\Editor\VisualScripting.Core\Dependencies\YamlDotNet\Unity.VisualScripting.YamlDotNet.dll
Symbol file LoadedFromMemory doesn't match image D:\Unity\MagnitudeSprint\MagnitudeSprint\Library\PackageCache\com.unity.visualscripting@1.8.0\Editor\VisualScripting.Core\Dependencies\DotNetZip\Unity.VisualScripting.IonicZip.dll
Native extension for UWP target not found
Native extension for WindowsStandalone target not found
Native extension for Android target not found
Native extension for WebGL target not found
Refreshing native plugins compatible for Editor in 0.53 ms, found 3 plugins.
Preloading 0 native plugins for Editor in 0.00 ms.
Mono: successfully reloaded assembly
- Completed reload, in  1.318 seconds
Domain Reload Profiling:
	ReloadAssembly (1319ms)
		BeginReloadAssembly (162ms)
			ExecutionOrderSort (0ms)
			DisableScriptedObjects (6ms)
			BackupInstance (0ms)
			ReleaseScriptingObjects (0ms)
			CreateAndSetChildDomain (35ms)
		EndReloadAssembly (1029ms)
			LoadAssemblies (119ms)
			RebuildTransferFunctionScriptingTraits (0ms)
			SetupTypeCache (428ms)
			ReleaseScriptCaches (1ms)
			RebuildScriptCaches (71ms)
			SetupLoadedEditorAssemblies (339ms)
				LogAssemblyErrors (0ms)
				InitializePlatformSupportModulesInManaged (29ms)
				SetLoadedEditorAssemblies (1ms)
				RefreshPlugins (1ms)
				BeforeProcessingInitializeOnLoad (63ms)
				ProcessInitializeOnLoadAttributes (218ms)
				ProcessInitializeOnLoadMethodAttributes (18ms)
				AfterProcessingInitializeOnLoad (9ms)
				EditorAssembliesLoaded (0ms)
			ExecutionOrderSort2 (0ms)
			AwakeInstancesAfterBackupRestoration (6ms)
Platform modules already initialized, skipping
Refreshing native plugins compatible for Editor in 1.57 ms, found 3 plugins.
Preloading 0 native plugins for Editor in 0.00 ms.
Unloading 3142 Unused Serialized files (Serialized files now loaded: 0)
Unloading 19 unused Assets / (80.0 KB). Loaded Objects now: 3750.
Memory consumption went from 117.3 MB to 117.2 MB.
Total: 3.184600 ms (FindLiveObjects: 0.250000 ms CreateObjectMapping: 0.191500 ms MarkObjects: 2.623700 ms  DeleteObjects: 0.117900 ms)

AssetImportParameters requested are different than current active one (requested -> active):
  custom:video-decoder-ogg-theora: a1e56fd34408186e4bbccfd4996cb3dc -> 
  custom:container-muxer-webm: aa71ff27fc2769a1b78a27578f13a17b -> 
  custom:container-demuxer-webm: 4f35f7cbe854078d1ac9338744f61a02 -> 
  custom:video-encoder-webm-vp8: eb34c28f22e8b96e1ab97ce403110664 -> 
  custom:audio-encoder-webm-vorbis: bf7c407c2cedff20999df2af8eb42d56 -> 
  custom:framework-win-MediaFoundation: 216162199b28c13a410421893ffa2e32 -> 
  custom:container-demuxer-ogg: 62fdf1f143b41e24485cea50d1cbac27 -> 
  custom:video-decoder-webm-vp8: 9c59270c3fd7afecdb556c50c9e8de78 -> 
  custom:audio-decoder-ogg-vorbis: bf7c407c2cedff20999df2af8eb42d56 -> 
========================================================================
Received Prepare
Registering precompiled user dll's ...
Registered in 0.003587 seconds.
Begin MonoManager ReloadAssembly
Symbol file LoadedFromMemory doesn't match image D:\Unity\MagnitudeSprint\MagnitudeSprint\Library\PackageCache\com.unity.visualscripting@1.8.0\Editor\VisualScripting.Core\Dependencies\YamlDotNet\Unity.VisualScripting.YamlDotNet.dll
Symbol file LoadedFromMemory doesn't match image D:\Unity\MagnitudeSprint\MagnitudeSprint\Library\PackageCache\com.unity.visualscripting@1.8.0\Editor\VisualScripting.Core\Dependencies\DotNetZip\Unity.VisualScripting.IonicZip.dll
Native extension for UWP target not found
Native extension for WindowsStandalone target not found
Native extension for Android target not found
Native extension for WebGL target not found
Refreshing native plugins compatible for Editor in 1.18 ms, found 3 plugins.
Preloading 0 native plugins for Editor in 0.00 ms.
Mono: successfully reloaded assembly
- Completed reload, in  1.699 seconds
Domain Reload Profiling:
	ReloadAssembly (1700ms)
		BeginReloadAssembly (270ms)
			ExecutionOrderSort (0ms)
			DisableScriptedObjects (7ms)
			BackupInstance (0ms)
			ReleaseScriptingObjects (0ms)
			CreateAndSetChildDomain (66ms)
		EndReloadAssembly (1257ms)
			LoadAssemblies (202ms)
			RebuildTransferFunctionScriptingTraits (0ms)
			SetupTypeCache (449ms)
			ReleaseScriptCaches (2ms)
			RebuildScriptCaches (117ms)
			SetupLoadedEditorAssemblies (439ms)
				LogAssemblyErrors (0ms)
				InitializePlatformSupportModulesInManaged (40ms)
				SetLoadedEditorAssemblies (1ms)
				RefreshPlugins (1ms)
				BeforeProcessingInitializeOnLoad (83ms)
				ProcessInitializeOnLoadAttributes (275ms)
				ProcessInitializeOnLoadMethodAttributes (26ms)
				AfterProcessingInitializeOnLoad (12ms)
				EditorAssembliesLoaded (0ms)
			ExecutionOrderSort2 (0ms)
			AwakeInstancesAfterBackupRestoration (8ms)
Platform modules already initialized, skipping
Refreshing native plugins compatible for Editor in 2.90 ms, found 3 plugins.
Preloading 0 native plugins for Editor in 0.00 ms.
Unloading 3142 Unused Serialized files (Serialized files now loaded: 0)
Unloading 19 unused Assets / (80.0 KB). Loaded Objects now: 3753.
Memory consumption went from 117.3 MB to 117.2 MB.
Total: 6.114000 ms (FindLiveObjects: 0.549200 ms CreateObjectMapping: 0.527700 ms MarkObjects: 4.865500 ms  DeleteObjects: 0.169400 ms)

AssetImportParameters requested are different than current active one (requested -> active):
  custom:video-decoder-ogg-theora: a1e56fd34408186e4bbccfd4996cb3dc -> 
  custom:container-muxer-webm: aa71ff27fc2769a1b78a27578f13a17b -> 
  custom:container-demuxer-webm: 4f35f7cbe854078d1ac9338744f61a02 -> 
  custom:video-encoder-webm-vp8: eb34c28f22e8b96e1ab97ce403110664 -> 
  custom:audio-encoder-webm-vorbis: bf7c407c2cedff20999df2af8eb42d56 -> 
  custom:framework-win-MediaFoundation: 216162199b28c13a410421893ffa2e32 -> 
  custom:container-demuxer-ogg: 62fdf1f143b41e24485cea50d1cbac27 -> 
  custom:video-decoder-webm-vp8: 9c59270c3fd7afecdb556c50c9e8de78 -> 
  custom:audio-decoder-ogg-vorbis: bf7c407c2cedff20999df2af8eb42d56 -> 
========================================================================
Received Prepare
Registering precompiled user dll's ...
Registered in 0.003840 seconds.
Begin MonoManager ReloadAssembly
Symbol file LoadedFromMemory doesn't match image D:\Unity\MagnitudeSprint\MagnitudeSprint\Library\PackageCache\com.unity.visualscripting@1.8.0\Editor\VisualScripting.Core\Dependencies\YamlDotNet\Unity.VisualScripting.YamlDotNet.dll
Symbol file LoadedFromMemory doesn't match image D:\Unity\MagnitudeSprint\MagnitudeSprint\Library\PackageCache\com.unity.visualscripting@1.8.0\Editor\VisualScripting.Core\Dependencies\DotNetZip\Unity.VisualScripting.IonicZip.dll
Native extension for UWP target not found
Native extension for WindowsStandalone target not found
Native extension for Android target not found
Native extension for WebGL target not found
Refreshing native plugins compatible for Editor in 0.79 ms, found 3 plugins.
Preloading 0 native plugins for Editor in 0.00 ms.
Mono: successfully reloaded assembly
- Completed reload, in  1.632 seconds
Domain Reload Profiling:
	ReloadAssembly (1633ms)
		BeginReloadAssembly (193ms)
			ExecutionOrderSort (0ms)
			DisableScriptedObjects (8ms)
			BackupInstance (0ms)
			ReleaseScriptingObjects (0ms)
			CreateAndSetChildDomain (44ms)
		EndReloadAssembly (1276ms)
			LoadAssemblies (128ms)
			RebuildTransferFunctionScriptingTraits (0ms)
			SetupTypeCache (431ms)
			ReleaseScriptCaches (2ms)
			RebuildScriptCaches (82ms)
			SetupLoadedEditorAssemblies (471ms)
				LogAssemblyErrors (0ms)
				InitializePlatformSupportModulesInManaged (46ms)
				SetLoadedEditorAssemblies (1ms)
				RefreshPlugins (1ms)
				BeforeProcessingInitializeOnLoad (93ms)
				ProcessInitializeOnLoadAttributes (286ms)
				ProcessInitializeOnLoadMethodAttributes (30ms)
				AfterProcessingInitializeOnLoad (15ms)
				EditorAssembliesLoaded (0ms)
			ExecutionOrderSort2 (0ms)
			AwakeInstancesAfterBackupRestoration (9ms)
Platform modules already initialized, skipping
Refreshing native plugins compatible for Editor in 2.28 ms, found 3 plugins.
Preloading 0 native plugins for Editor in 0.00 ms.
Unloading 3142 Unused Serialized files (Serialized files now loaded: 0)
Unloading 19 unused Assets / (80.1 KB). Loaded Objects now: 3756.
Memory consumption went from 117.3 MB to 117.2 MB.
Total: 3.807600 ms (FindLiveObjects: 0.325300 ms CreateObjectMapping: 0.188800 ms MarkObjects: 3.183800 ms  DeleteObjects: 0.108600 ms)

AssetImportParameters requested are different than current active one (requested -> active):
  custom:video-decoder-ogg-theora: a1e56fd34408186e4bbccfd4996cb3dc -> 
  custom:container-muxer-webm: aa71ff27fc2769a1b78a27578f13a17b -> 
  custom:container-demuxer-webm: 4f35f7cbe854078d1ac9338744f61a02 -> 
  custom:video-encoder-webm-vp8: eb34c28f22e8b96e1ab97ce403110664 -> 
  custom:audio-encoder-webm-vorbis: bf7c407c2cedff20999df2af8eb42d56 -> 
  custom:framework-win-MediaFoundation: 216162199b28c13a410421893ffa2e32 -> 
  custom:container-demuxer-ogg: 62fdf1f143b41e24485cea50d1cbac27 -> 
  custom:video-decoder-webm-vp8: 9c59270c3fd7afecdb556c50c9e8de78 -> 
  custom:audio-decoder-ogg-vorbis: bf7c407c2cedff20999df2af8eb42d56 -> 
========================================================================
Received Prepare
Registering precompiled user dll's ...
Registered in 0.004013 seconds.
Begin MonoManager ReloadAssembly
Symbol file LoadedFromMemory doesn't match image D:\Unity\MagnitudeSprint\MagnitudeSprint\Library\PackageCache\com.unity.visualscripting@1.8.0\Editor\VisualScripting.Core\Dependencies\YamlDotNet\Unity.VisualScripting.YamlDotNet.dll
Symbol file LoadedFromMemory doesn't match image D:\Unity\MagnitudeSprint\MagnitudeSprint\Library\PackageCache\com.unity.visualscripting@1.8.0\Editor\VisualScripting.Core\Dependencies\DotNetZip\Unity.VisualScripting.IonicZip.dll
Native extension for UWP target not found
Native extension for WindowsStandalone target not found
Native extension for Android target not found
Native extension for WebGL target not found
Refreshing native plugins compatible for Editor in 0.74 ms, found 3 plugins.
Preloading 0 native plugins for Editor in 0.00 ms.
Mono: successfully reloaded assembly
- Completed reload, in  1.707 seconds
Domain Reload Profiling:
	ReloadAssembly (1708ms)
		BeginReloadAssembly (185ms)
			ExecutionOrderSort (0ms)
			DisableScriptedObjects (8ms)
			BackupInstance (0ms)
			ReleaseScriptingObjects (0ms)
			CreateAndSetChildDomain (40ms)
		EndReloadAssembly (1378ms)
			LoadAssemblies (125ms)
			RebuildTransferFunctionScriptingTraits (0ms)
			SetupTypeCache (425ms)
			ReleaseScriptCaches (2ms)
			RebuildScriptCaches (68ms)
			SetupLoadedEditorAssemblies (615ms)
				LogAssemblyErrors (0ms)
				InitializePlatformSupportModulesInManaged (54ms)
				SetLoadedEditorAssemblies (1ms)
				RefreshPlugins (1ms)
				BeforeProcessingInitializeOnLoad (121ms)
				ProcessInitializeOnLoadAttributes (382ms)
				ProcessInitializeOnLoadMethodAttributes (37ms)
				AfterProcessingInitializeOnLoad (19ms)
				EditorAssembliesLoaded (0ms)
			ExecutionOrderSort2 (0ms)
			AwakeInstancesAfterBackupRestoration (12ms)
Platform modules already initialized, skipping
Refreshing native plugins compatible for Editor in 3.39 ms, found 3 plugins.
Preloading 0 native plugins for Editor in 0.00 ms.
Unloading 3142 Unused Serialized files (Serialized files now loaded: 0)
Unloading 19 unused Assets / (80.0 KB). Loaded Objects now: 3759.
Memory consumption went from 117.3 MB to 117.2 MB.
Total: 4.876000 ms (FindLiveObjects: 0.493900 ms CreateObjectMapping: 0.442200 ms MarkObjects: 3.819000 ms  DeleteObjects: 0.119100 ms)

AssetImportParameters requested are different than current active one (requested -> active):
  custom:video-decoder-ogg-theora: a1e56fd34408186e4bbccfd4996cb3dc -> 
  custom:container-muxer-webm: aa71ff27fc2769a1b78a27578f13a17b -> 
  custom:container-demuxer-webm: 4f35f7cbe854078d1ac9338744f61a02 -> 
  custom:video-encoder-webm-vp8: eb34c28f22e8b96e1ab97ce403110664 -> 
  custom:audio-encoder-webm-vorbis: bf7c407c2cedff20999df2af8eb42d56 -> 
  custom:framework-win-MediaFoundation: 216162199b28c13a410421893ffa2e32 -> 
  custom:container-demuxer-ogg: 62fdf1f143b41e24485cea50d1cbac27 -> 
  custom:video-decoder-webm-vp8: 9c59270c3fd7afecdb556c50c9e8de78 -> 
  custom:audio-decoder-ogg-vorbis: bf7c407c2cedff20999df2af8eb42d56 -> 
========================================================================
Received Prepare
Registering precompiled user dll's ...
Registered in 0.003379 seconds.
Begin MonoManager ReloadAssembly
Symbol file LoadedFromMemory doesn't match image D:\Unity\MagnitudeSprint\MagnitudeSprint\Library\PackageCache\com.unity.visualscripting@1.8.0\Editor\VisualScripting.Core\Dependencies\YamlDotNet\Unity.VisualScripting.YamlDotNet.dll
Symbol file LoadedFromMemory doesn't match image D:\Unity\MagnitudeSprint\MagnitudeSprint\Library\PackageCache\com.unity.visualscripting@1.8.0\Editor\VisualScripting.Core\Dependencies\DotNetZip\Unity.VisualScripting.IonicZip.dll
Native extension for UWP target not found
Native extension for WindowsStandalone target not found
Native extension for Android target not found
Native extension for WebGL target not found
Refreshing native plugins compatible for Editor in 1.18 ms, found 3 plugins.
Preloading 0 native plugins for Editor in 0.00 ms.
Mono: successfully reloaded assembly
- Completed reload, in  1.398 seconds
Domain Reload Profiling:
	ReloadAssembly (1398ms)
		BeginReloadAssembly (159ms)
			ExecutionOrderSort (0ms)
			DisableScriptedObjects (6ms)
			BackupInstance (0ms)
			ReleaseScriptingObjects (0ms)
			CreateAndSetChildDomain (38ms)
		EndReloadAssembly (1123ms)
			LoadAssemblies (106ms)
			RebuildTransferFunctionScriptingTraits (0ms)
			SetupTypeCache (321ms)
			ReleaseScriptCaches (1ms)
			RebuildScriptCaches (52ms)
			SetupLoadedEditorAssemblies (561ms)
				LogAssemblyErrors (0ms)
				InitializePlatformSupportModulesInManaged (39ms)
				SetLoadedEditorAssemblies (0ms)
				RefreshPlugins (1ms)
				BeforeProcessingInitializeOnLoad (82ms)
				ProcessInitializeOnLoadAttributes (382ms)
				ProcessInitializeOnLoadMethodAttributes (45ms)
				AfterProcessingInitializeOnLoad (11ms)
				EditorAssembliesLoaded (0ms)
			ExecutionOrderSort2 (0ms)
			AwakeInstancesAfterBackupRestoration (9ms)
Platform modules already initialized, skipping
Refreshing native plugins compatible for Editor in 3.74 ms, found 3 plugins.
Preloading 0 native plugins for Editor in 0.00 ms.
Unloading 3142 Unused Serialized files (Serialized files now loaded: 0)
Unloading 19 unused Assets / (79.9 KB). Loaded Objects now: 3762.
Memory consumption went from 117.3 MB to 117.2 MB.
Total: 14.881100 ms (FindLiveObjects: 0.389400 ms CreateObjectMapping: 0.339400 ms MarkObjects: 11.129400 ms  DeleteObjects: 3.017600 ms)

AssetImportParameters requested are different than current active one (requested -> active):
  custom:video-decoder-ogg-theora: a1e56fd34408186e4bbccfd4996cb3dc -> 
  custom:container-muxer-webm: aa71ff27fc2769a1b78a27578f13a17b -> 
  custom:container-demuxer-webm: 4f35f7cbe854078d1ac9338744f61a02 -> 
  custom:video-encoder-webm-vp8: eb34c28f22e8b96e1ab97ce403110664 -> 
  custom:audio-encoder-webm-vorbis: bf7c407c2cedff20999df2af8eb42d56 -> 
  custom:framework-win-MediaFoundation: 216162199b28c13a410421893ffa2e32 -> 
  custom:container-demuxer-ogg: 62fdf1f143b41e24485cea50d1cbac27 -> 
  custom:video-decoder-webm-vp8: 9c59270c3fd7afecdb556c50c9e8de78 -> 
  custom:audio-decoder-ogg-vorbis: bf7c407c2cedff20999df2af8eb42d56 -> 
